TN:
SF:app\actions.ts
FN:8,(anonymous_6)
FN:42,(anonymous_7)
FN:59,(anonymous_8)
FN:93,(anonymous_9)
FN:130,(anonymous_10)
FNF:5
FNH:0
FNDA:0,(anonymous_6)
FNDA:0,(anonymous_7)
FNDA:0,(anonymous_8)
FNDA:0,(anonymous_9)
FNDA:0,(anonymous_10)
DA:3,0
DA:4,0
DA:5,0
DA:6,0
DA:8,0
DA:9,0
DA:10,0
DA:11,0
DA:12,0
DA:14,0
DA:15,0
DA:22,0
DA:30,0
DA:31,0
DA:32,0
DA:34,0
DA:42,0
DA:43,0
DA:44,0
DA:45,0
DA:47,0
DA:52,0
DA:53,0
DA:56,0
DA:59,0
DA:60,0
DA:61,0
DA:62,0
DA:63,0
DA:65,0
DA:66,0
DA:69,0
DA:73,0
DA:74,0
DA:75,0
DA:82,0
DA:83,0
DA:86,0
DA:93,0
DA:94,0
DA:96,0
DA:97,0
DA:99,0
DA:100,0
DA:107,0
DA:108,0
DA:115,0
DA:119,0
DA:120,0
DA:127,0
DA:130,0
DA:131,0
DA:132,0
DA:133,0
LF:54
LH:0
BRDA:14,0,0,0
BRDA:14,1,0,0
BRDA:14,1,1,0
BRDA:30,2,0,0
BRDA:30,2,1,0
BRDA:52,3,0,0
BRDA:65,4,0,0
BRDA:73,5,0,0
BRDA:82,6,0,0
BRDA:99,7,0,0
BRDA:99,8,0,0
BRDA:99,8,1,0
BRDA:107,9,0,0
BRDA:119,10,0,0
BRF:14
BRH:0
end_of_record
TN:
SF:app\global-error.tsx
FN:5,GlobalError
FN:12,(anonymous_2)
FNF:2
FNH:0
FNDA:0,GlobalError
FNDA:0,(anonymous_2)
DA:3,0
DA:5,0
DA:12,0
DA:14,0
DA:15,0
LF:5
LH:0
BRDA:14,0,0,0
BRF:1
BRH:0
end_of_record
TN:
SF:app\layout.tsx
FN:22,RootLayout
FNF:1
FNH:0
FNDA:0,RootLayout
DA:1,0
DA:2,0
DA:3,0
DA:4,0
DA:6,0
DA:10,0
DA:17,0
DA:22,0
LF:8
LH:0
BRDA:6,0,0,0
BRDA:6,0,1,0
BRF:2
BRH:0
end_of_record
TN:
SF:app\page.tsx
FN:16,Home
FNF:1
FNH:0
FNDA:0,Home
DA:3,0
DA:4,0
DA:5,0
DA:6,0
DA:7,0
DA:8,0
DA:9,0
DA:10,0
DA:11,0
DA:12,0
DA:13,0
DA:14,0
DA:16,0
DA:17,0
LF:14
LH:0
BRF:0
BRH:0
end_of_record
TN:
SF:app\(auth-pages)\layout.tsx
FN:1,Layout
FNF:1
FNH:0
FNDA:0,Layout
DA:1,0
LF:1
LH:0
BRF:0
BRH:0
end_of_record
TN:
SF:app\(auth-pages)\smtp-message.tsx
FN:4,SmtpMessage
FNF:1
FNH:0
FNDA:0,SmtpMessage
DA:1,0
DA:2,0
DA:4,0
LF:3
LH:0
BRF:0
BRH:0
end_of_record
TN:
SF:app\(auth-pages)\forgot-password\page.tsx
FN:9,ForgotPassword
FNF:1
FNH:0
FNDA:0,ForgotPassword
DA:1,0
DA:2,0
DA:3,0
DA:4,0
DA:5,0
DA:6,0
DA:7,0
DA:9,0
DA:12,0
LF:9
LH:0
BRF:0
BRH:0
end_of_record
TN:
SF:app\(auth-pages)\sign-in\page.tsx
FN:8,Login
FNF:1
FNH:0
FNDA:0,Login
DA:1,0
DA:2,0
DA:3,0
DA:4,0
DA:5,0
DA:6,0
DA:8,0
DA:9,0
LF:8
LH:0
BRF:0
BRH:0
end_of_record
TN:
SF:app\(auth-pages)\sign-up\page.tsx
FN:9,Signup
FNF:1
FNH:0
FNDA:0,Signup
DA:1,0
DA:2,0
DA:3,0
DA:4,0
DA:5,0
DA:6,0
DA:7,0
DA:9,0
DA:12,0
DA:13,0
LF:10
LH:0
BRDA:13,0,0,0
BRF:1
BRH:0
end_of_record
TN:
SF:app\admin\rate-limits\page.tsx
FN:13,AdminRateLimitsPage
FNF:1
FNH:0
FNDA:0,AdminRateLimitsPage
DA:1,0
DA:2,0
DA:3,0
DA:10,0
DA:11,0
DA:13,0
LF:6
LH:0
BRF:0
BRH:0
end_of_record
TN:
SF:app\ai-coach\page.tsx
FN:30,AICoachContent
FN:48,(anonymous_3)
FN:61,(anonymous_4)
FN:63,(anonymous_5)
FN:224,AICoachPage
FNF:5
FNH:0
FNDA:0,AICoachContent
FNDA:0,(anonymous_3)
FNDA:0,(anonymous_4)
FNDA:0,(anonymous_5)
FNDA:0,AICoachPage
DA:3,0
DA:4,0
DA:5,0
DA:6,0
DA:7,0
DA:14,0
DA:15,0
DA:16,0
DA:27,0
DA:28,0
DA:37,0
DA:45,0
DA:48,0
DA:49,0
DA:50,0
DA:56,0
DA:61,0
DA:62,0
DA:63,0
DA:224,0
LF:20
LH:0
BRDA:49,0,0,0
BRDA:49,1,0,0
BRDA:49,1,1,0
BRDA:53,2,0,0
BRDA:53,2,1,0
BRDA:54,3,0,0
BRDA:54,3,1,0
BRDA:62,4,0,0
BRDA:62,5,0,0
BRDA:62,5,1,0
BRDA:78,6,0,0
BRDA:78,6,1,0
BRDA:109,7,0,0
BRDA:109,7,1,0
BRDA:127,8,0,0
BRDA:127,8,1,0
BRDA:147,9,0,0
BRDA:147,9,1,0
BRDA:148,10,0,0
BRDA:148,10,1,0
BRDA:154,11,0,0
BRDA:154,11,1,0
BRDA:155,12,0,0
BRDA:155,12,1,0
BRDA:161,13,0,0
BRDA:161,13,1,0
BRDA:162,14,0,0
BRDA:162,14,1,0
BRDA:168,15,0,0
BRDA:168,15,1,0
BRDA:172,16,0,0
BRDA:172,16,1,0
BRF:32
BRH:0
end_of_record
TN:
SF:app\analisis\page.tsx
FN:55,AnalysisContent
FN:69,(anonymous_2)
FN:70,(anonymous_3)
FN:103,(anonymous_4)
FN:136,(anonymous_5)
FN:144,(anonymous_6)
FN:158,(anonymous_7)
FN:166,(anonymous_8)
FN:182,(anonymous_9)
FN:190,(anonymous_10)
FN:195,(anonymous_11)
FN:200,(anonymous_12)
FN:213,(anonymous_13)
FN:233,(anonymous_14)
FN:246,(anonymous_15)
FN:266,(anonymous_16)
FN:273,(anonymous_17)
FN:282,(anonymous_18)
FN:285,(anonymous_19)
FN:292,(anonymous_20)
FN:296,(anonymous_21)
FN:301,(anonymous_22)
FN:307,(anonymous_23)
FN:313,(anonymous_24)
FN:317,(anonymous_25)
FN:324,(anonymous_26)
FN:329,(anonymous_27)
FN:343,(anonymous_28)
FN:349,(anonymous_29)
FN:353,(anonymous_30)
FN:374,(anonymous_31)
FN:375,(anonymous_32)
FN:423,(anonymous_33)
FN:588,(anonymous_34)
FN:590,(anonymous_35)
FN:612,(anonymous_36)
FN:661,(anonymous_37)
FN:677,(anonymous_38)
FN:726,(anonymous_39)
FN:843,(anonymous_40)
FN:898,(anonymous_41)
FN:943,(anonymous_42)
FN:945,(anonymous_43)
FN:1074,(anonymous_44)
FN:1109,(anonymous_45)
FN:1137,AnalysisPage
FNF:46
FNH:0
FNDA:0,AnalysisContent
FNDA:0,(anonymous_2)
FNDA:0,(anonymous_3)
FNDA:0,(anonymous_4)
FNDA:0,(anonymous_5)
FNDA:0,(anonymous_6)
FNDA:0,(anonymous_7)
FNDA:0,(anonymous_8)
FNDA:0,(anonymous_9)
FNDA:0,(anonymous_10)
FNDA:0,(anonymous_11)
FNDA:0,(anonymous_12)
FNDA:0,(anonymous_13)
FNDA:0,(anonymous_14)
FNDA:0,(anonymous_15)
FNDA:0,(anonymous_16)
FNDA:0,(anonymous_17)
FNDA:0,(anonymous_18)
FNDA:0,(anonymous_19)
FNDA:0,(anonymous_20)
FNDA:0,(anonymous_21)
FNDA:0,(anonymous_22)
FNDA:0,(anonymous_23)
FNDA:0,(anonymous_24)
FNDA:0,(anonymous_25)
FNDA:0,(anonymous_26)
FNDA:0,(anonymous_27)
FNDA:0,(anonymous_28)
FNDA:0,(anonymous_29)
FNDA:0,(anonymous_30)
FNDA:0,(anonymous_31)
FNDA:0,(anonymous_32)
FNDA:0,(anonymous_33)
FNDA:0,(anonymous_34)
FNDA:0,(anonymous_35)
FNDA:0,(anonymous_36)
FNDA:0,(anonymous_37)
FNDA:0,(anonymous_38)
FNDA:0,(anonymous_39)
FNDA:0,(anonymous_40)
FNDA:0,(anonymous_41)
FNDA:0,(anonymous_42)
FNDA:0,(anonymous_43)
FNDA:0,(anonymous_44)
FNDA:0,(anonymous_45)
FNDA:0,AnalysisPage
DA:3,0
DA:4,0
DA:5,0
DA:6,0
DA:7,0
DA:14,0
DA:15,0
DA:22,0
DA:23,0
DA:24,0
DA:25,0
DA:26,0
DA:27,0
DA:28,0
DA:43,0
DA:44,0
DA:47,0
DA:63,0
DA:65,0
DA:66,0
DA:69,0
DA:70,0
DA:71,0
DA:73,0
DA:75,0
DA:77,0
DA:78,0
DA:80,0
DA:81,0
DA:83,0
DA:84,0
DA:86,0
DA:87,0
DA:89,0
DA:90,0
DA:92,0
DA:95,0
DA:103,0
DA:104,0
DA:108,0
DA:110,0
DA:111,0
DA:112,0
DA:114,0
DA:115,0
DA:116,0
DA:118,0
DA:119,0
DA:120,0
DA:122,0
DA:123,0
DA:124,0
DA:126,0
DA:127,0
DA:128,0
DA:130,0
DA:131,0
DA:132,0
DA:135,0
DA:136,0
DA:138,0
DA:139,0
DA:141,0
DA:142,0
DA:143,0
DA:144,0
DA:147,0
DA:148,0
DA:149,0
DA:153,0
DA:157,0
DA:158,0
DA:160,0
DA:161,0
DA:163,0
DA:164,0
DA:165,0
DA:166,0
DA:169,0
DA:170,0
DA:171,0
DA:175,0
DA:178,0
DA:179,0
DA:182,0
DA:183,0
DA:184,0
DA:189,0
DA:190,0
DA:194,0
DA:195,0
DA:200,0
DA:201,0
DA:202,0
DA:212,0
DA:213,0
DA:222,0
DA:233,0
DA:234,0
DA:235,0
DA:245,0
DA:246,0
DA:255,0
DA:266,0
DA:267,0
DA:268,0
DA:271,0
DA:273,0
DA:274,0
DA:275,0
DA:276,0
DA:278,0
DA:279,0
DA:282,0
DA:284,0
DA:285,0
DA:292,0
DA:296,0
DA:297,0
DA:298,0
DA:301,0
DA:307,0
DA:308,0
DA:309,0
DA:310,0
DA:313,0
DA:314,0
DA:317,0
DA:318,0
DA:319,0
DA:320,0
DA:324,0
DA:327,0
DA:329,0
DA:330,0
DA:331,0
DA:333,0
DA:334,0
DA:337,0
DA:338,0
DA:339,0
DA:342,0
DA:343,0
DA:349,0
DA:353,0
DA:354,0
DA:360,0
DA:361,0
DA:362,0
DA:365,0
DA:366,0
DA:372,0
DA:373,0
DA:374,0
DA:375,0
DA:377,0
DA:378,0
DA:381,0
DA:382,0
DA:388,0
DA:392,0
DA:393,0
DA:396,0
DA:397,0
DA:402,0
DA:411,0
DA:424,0
DA:590,0
DA:591,0
DA:592,0
DA:594,0
DA:613,0
DA:624,0
DA:662,0
DA:677,0
DA:727,0
DA:731,0
DA:844,0
DA:899,0
DA:944,0
DA:945,0
DA:947,0
DA:954,0
DA:1075,0
DA:1110,0
DA:1137,0
LF:186
LH:0
BRDA:75,0,0,0
BRDA:75,0,1,0
BRDA:75,0,2,0
BRDA:75,0,3,0
BRDA:75,0,4,0
BRDA:75,0,5,0
BRDA:108,1,0,0
BRDA:108,1,1,0
BRDA:108,1,2,0
BRDA:108,1,3,0
BRDA:108,1,4,0
BRDA:108,1,5,0
BRDA:108,1,6,0
BRDA:108,1,7,0
BRDA:108,1,8,0
BRDA:144,2,0,0
BRDA:144,2,1,0
BRDA:147,3,0,0
BRDA:166,4,0,0
BRDA:166,4,1,0
BRDA:169,5,0,0
BRDA:184,6,0,0
BRDA:184,6,1,0
BRDA:201,7,0,0
BRDA:214,8,0,0
BRDA:214,8,1,0
BRDA:215,9,0,0
BRDA:215,9,1,0
BRDA:216,10,0,0
BRDA:216,10,1,0
BRDA:225,11,0,0
BRDA:225,11,1,0
BRDA:226,12,0,0
BRDA:226,12,1,0
BRDA:227,13,0,0
BRDA:227,13,1,0
BRDA:234,14,0,0
BRDA:247,15,0,0
BRDA:247,15,1,0
BRDA:248,16,0,0
BRDA:248,16,1,0
BRDA:249,17,0,0
BRDA:249,17,1,0
BRDA:258,18,0,0
BRDA:258,18,1,0
BRDA:259,19,0,0
BRDA:259,19,1,0
BRDA:260,20,0,0
BRDA:260,20,1,0
BRDA:267,21,0,0
BRDA:274,22,0,0
BRDA:274,22,1,0
BRDA:275,23,0,0
BRDA:278,24,0,0
BRDA:278,24,1,0
BRDA:289,25,0,0
BRDA:289,25,1,0
BRDA:290,26,0,0
BRDA:290,26,1,0
BRDA:297,27,0,0
BRDA:297,28,0,0
BRDA:297,28,1,0
BRDA:308,29,0,0
BRDA:309,30,0,0
BRDA:333,31,0,0
BRDA:337,32,0,0
BRDA:337,32,1,0
BRDA:339,33,0,0
BRDA:339,33,1,0
BRDA:347,34,0,0
BRDA:347,34,1,0
BRDA:361,35,0,0
BRDA:361,35,1,0
BRDA:365,36,0,0
BRDA:374,37,0,0
BRDA:374,37,1,0
BRDA:377,38,0,0
BRDA:377,38,1,0
BRDA:381,39,0,0
BRDA:392,40,0,0
BRDA:392,40,1,0
BRDA:396,41,0,0
BRDA:411,42,0,0
BRDA:616,43,0,0
BRDA:616,43,1,0
BRDA:618,44,0,0
BRDA:618,44,1,0
BRDA:749,45,0,0
BRDA:749,45,1,0
BRDA:751,46,0,0
BRDA:751,46,1,0
BRDA:762,47,0,0
BRDA:762,47,1,0
BRDA:764,48,0,0
BRDA:764,48,1,0
BRDA:882,49,0,0
BRDA:882,49,1,0
BRDA:883,50,0,0
BRDA:883,50,1,0
BRDA:884,51,0,0
BRDA:884,51,1,0
BRDA:886,52,0,0
BRDA:886,52,1,0
BRDA:888,53,0,0
BRDA:888,53,1,0
BRDA:890,54,0,0
BRDA:890,54,1,0
BRDA:892,55,0,0
BRDA:892,55,1,0
BRDA:893,56,0,0
BRDA:893,56,1,0
BRDA:947,57,0,0
BRDA:947,57,1,0
BRDA:961,58,0,0
BRDA:961,58,1,0
BRDA:991,59,0,0
BRDA:991,59,1,0
BRDA:1074,60,0,0
BRDA:1109,61,0,0
BRF:119
BRH:0
end_of_record
TN:
SF:app\api\detect-zones\route.ts
FN:4,POST
FNF:1
FNH:0
FNDA:0,POST
DA:1,0
DA:2,0
DA:4,0
DA:5,0
DA:6,0
DA:7,0
DA:9,0
DA:10,0
DA:17,0
DA:18,0
DA:35,0
DA:41,0
DA:43,0
DA:44,0
LF:14
LH:0
BRDA:9,0,0,0
BRDA:9,1,0,0
BRDA:9,1,1,0
BRDA:17,2,0,0
BRF:4
BRH:0
end_of_record
TN:
SF:app\auth\auth-code-error\page.tsx
FN:12,AuthCodeErrorPage
FNF:1
FNH:0
FNDA:0,AuthCodeErrorPage
DA:1,0
DA:2,0
DA:9,0
DA:10,0
DA:12,0
LF:5
LH:0
BRF:0
BRH:0
end_of_record
TN:
SF:app\auth\callback\route.ts
FN:4,GET
FNF:1
FNH:0
FNDA:0,GET
DA:1,0
DA:2,0
DA:4,0
DA:5,0
DA:6,0
DA:7,0
DA:9,0
DA:10,0
DA:11,0
DA:13,0
DA:14,0
DA:15,0
DA:17,0
DA:18,0
DA:19,0
DA:20,0
DA:22,0
DA:28,0
LF:18
LH:0
BRDA:7,0,0,0
BRDA:7,0,1,0
BRDA:9,1,0,0
BRDA:13,2,0,0
BRDA:17,3,0,0
BRDA:17,3,1,0
BRDA:19,4,0,0
BRDA:19,4,1,0
BRF:8
BRH:0
end_of_record
TN:
SF:app\auth\signin\page.tsx
FN:18,SignInPage
FN:25,(anonymous_3)
FNF:2
FNH:0
FNDA:0,SignInPage
FNDA:0,(anonymous_3)
DA:3,0
DA:10,0
DA:11,0
DA:12,0
DA:13,0
DA:14,0
DA:15,0
DA:16,0
DA:18,0
DA:19,0
DA:20,0
DA:25,0
DA:26,0
DA:27,0
DA:29,0
DA:30,0
DA:32,0
DA:33,0
DA:37,0
DA:42,0
LF:20
LH:0
BRDA:32,0,0,0
BRDA:100,1,0,0
BRDA:103,2,0,0
BRDA:103,2,1,0
BRDA:113,3,0,0
BRDA:113,3,1,0
BRF:6
BRH:0
end_of_record
TN:
SF:app\auth\signup\page.tsx
FN:18,SignUpPage
FN:25,(anonymous_3)
FNF:2
FNH:0
FNDA:0,SignUpPage
FNDA:0,(anonymous_3)
DA:3,0
DA:10,0
DA:11,0
DA:12,0
DA:13,0
DA:14,0
DA:15,0
DA:16,0
DA:18,0
DA:19,0
DA:20,0
DA:25,0
DA:26,0
DA:27,0
DA:29,0
DA:30,0
DA:32,0
DA:33,0
DA:35,0
DA:41,0
DA:46,0
LF:21
LH:0
BRDA:32,0,0,0
BRDA:32,0,1,0
BRDA:37,1,0,0
BRDA:37,1,1,0
BRDA:115,2,0,0
BRDA:118,3,0,0
BRDA:118,3,1,0
BRDA:128,4,0,0
BRDA:128,4,1,0
BRF:9
BRH:0
end_of_record
TN:
SF:app\calendario\page.tsx
FN:27,CalendarioPage
FN:48,(anonymous_2)
FN:53,(anonymous_3)
FN:54,(anonymous_4)
FN:94,(anonymous_5)
FN:126,(anonymous_6)
FN:150,(anonymous_7)
FN:151,(anonymous_8)
FN:162,(anonymous_9)
FN:163,(anonymous_10)
FN:174,(anonymous_11)
FN:178,(anonymous_12)
FN:183,(anonymous_13)
FN:188,(anonymous_14)
FN:195,(anonymous_15)
FN:199,(anonymous_16)
FN:204,(anonymous_17)
FN:208,(anonymous_18)
FN:211,(anonymous_19)
FN:214,(anonymous_20)
FN:218,(anonymous_21)
FN:277,(anonymous_22)
FN:288,(anonymous_23)
FN:300,(anonymous_24)
FN:312,(anonymous_25)
FN:323,(anonymous_26)
FN:334,(anonymous_27)
FN:346,(anonymous_28)
FN:362,(anonymous_29)
FN:379,(anonymous_30)
FN:395,(anonymous_31)
FN:457,(anonymous_32)
FN:460,(anonymous_33)
FN:507,(anonymous_34)
FNF:34
FNH:0
FNDA:0,CalendarioPage
FNDA:0,(anonymous_2)
FNDA:0,(anonymous_3)
FNDA:0,(anonymous_4)
FNDA:0,(anonymous_5)
FNDA:0,(anonymous_6)
FNDA:0,(anonymous_7)
FNDA:0,(anonymous_8)
FNDA:0,(anonymous_9)
FNDA:0,(anonymous_10)
FNDA:0,(anonymous_11)
FNDA:0,(anonymous_12)
FNDA:0,(anonymous_13)
FNDA:0,(anonymous_14)
FNDA:0,(anonymous_15)
FNDA:0,(anonymous_16)
FNDA:0,(anonymous_17)
FNDA:0,(anonymous_18)
FNDA:0,(anonymous_19)
FNDA:0,(anonymous_20)
FNDA:0,(anonymous_21)
FNDA:0,(anonymous_22)
FNDA:0,(anonymous_23)
FNDA:0,(anonymous_24)
FNDA:0,(anonymous_25)
FNDA:0,(anonymous_26)
FNDA:0,(anonymous_27)
FNDA:0,(anonymous_28)
FNDA:0,(anonymous_29)
FNDA:0,(anonymous_30)
FNDA:0,(anonymous_31)
FNDA:0,(anonymous_32)
FNDA:0,(anonymous_33)
FNDA:0,(anonymous_34)
DA:3,0
DA:4,0
DA:5,0
DA:6,0
DA:7,0
DA:14,0
DA:15,0
DA:16,0
DA:17,0
DA:24,0
DA:25,0
DA:27,0
DA:29,0
DA:30,0
DA:31,0
DA:36,0
DA:37,0
DA:38,0
DA:39,0
DA:42,0
DA:45,0
DA:48,0
DA:49,0
DA:53,0
DA:54,0
DA:55,0
DA:56,0
DA:57,0
DA:58,0
DA:60,0
DA:62,0
DA:66,0
DA:67,0
DA:71,0
DA:86,0
DA:88,0
DA:89,0
DA:90,0
DA:93,0
DA:95,0
DA:96,0
DA:97,0
DA:100,0
DA:109,0
DA:126,0
DA:127,0
DA:128,0
DA:131,0
DA:132,0
DA:135,0
DA:138,0
DA:139,0
DA:143,0
DA:144,0
DA:147,0
DA:150,0
DA:151,0
DA:152,0
DA:153,0
DA:154,0
DA:156,0
DA:158,0
DA:162,0
DA:163,0
DA:164,0
DA:165,0
DA:166,0
DA:168,0
DA:170,0
DA:174,0
DA:175,0
DA:178,0
DA:179,0
DA:180,0
DA:183,0
DA:184,0
DA:185,0
DA:188,0
DA:190,0
DA:192,0
DA:195,0
DA:196,0
DA:198,0
DA:199,0
DA:201,0
DA:204,0
DA:205,0
DA:207,0
DA:208,0
DA:211,0
DA:214,0
DA:215,0
DA:217,0
DA:218,0
DA:220,0
DA:223,0
DA:224,0
DA:225,0
DA:228,0
DA:277,0
DA:289,0
DA:290,0
DA:300,0
DA:312,0
DA:323,0
DA:335,0
DA:348,0
DA:349,0
DA:352,0
DA:355,0
DA:359,0
DA:362,0
DA:380,0
DA:396,0
DA:458,0
DA:460,0
DA:508,0
LF:117
LH:0
BRDA:66,0,0,0
BRDA:96,1,0,0
BRDA:103,2,0,0
BRDA:103,2,1,0
BRDA:104,3,0,0
BRDA:104,3,1,0
BRDA:105,4,0,0
BRDA:105,4,1,0
BRDA:106,5,0,0
BRDA:106,5,1,0
BRDA:135,6,0,0
BRDA:135,6,1,0
BRDA:153,7,0,0
BRDA:153,7,1,0
BRDA:165,8,0,0
BRDA:165,8,1,0
BRDA:196,9,0,0
BRDA:201,10,0,0
BRDA:201,10,1,0
BRDA:205,11,0,0
BRDA:215,12,0,0
BRDA:228,13,0,0
BRDA:290,14,0,0
BRDA:290,14,1,0
BRDA:349,15,0,0
BRDA:349,15,1,0
BRDA:352,16,0,0
BRDA:352,16,1,0
BRDA:355,17,0,0
BRDA:355,17,1,0
BRDA:355,17,2,0
BRDA:362,18,0,0
BRDA:362,18,1,0
BRDA:364,19,0,0
BRDA:364,19,1,0
BRDA:366,20,0,0
BRDA:366,20,1,0
BRDA:375,21,0,0
BRDA:378,22,0,0
BRDA:378,22,1,0
BRDA:386,23,0,0
BRDA:386,24,0,0
BRDA:386,24,1,0
BRDA:393,25,0,0
BRDA:393,25,1,0
BRDA:399,26,0,0
BRDA:399,26,1,0
BRDA:401,27,0,0
BRDA:401,27,1,0
BRDA:428,28,0,0
BRDA:428,28,1,0
BRDA:435,29,0,0
BRDA:434,30,0,0
BRDA:434,30,1,0
BRDA:443,31,0,0
BRDA:443,31,1,0
BRDA:501,32,0,0
BRDA:515,33,0,0
BRDA:515,33,1,0
BRDA:517,34,0,0
BRDA:517,34,1,0
BRDA:528,35,0,0
BRDA:528,35,1,0
BRDA:530,36,0,0
BRDA:530,36,1,0
BRDA:535,37,0,0
BRDA:535,37,1,0
BRDA:535,38,0,0
BRDA:535,38,1,0
BRDA:538,39,0,0
BRDA:544,40,0,0
BRDA:555,41,0,0
BRF:72
BRH:0
end_of_record
TN:
SF:app\clubes\page.tsx
FN:64,ClubesPage
FN:86,(anonymous_2)
FN:91,(anonymous_3)
FN:98,(anonymous_4)
FN:104,(anonymous_5)
FN:130,(anonymous_6)
FN:138,(anonymous_7)
FN:147,(anonymous_8)
FN:151,(anonymous_9)
FN:258,(anonymous_10)
FN:264,(anonymous_11)
FN:328,(anonymous_12)
FN:350,(anonymous_13)
FN:361,(anonymous_14)
FN:367,(anonymous_15)
FN:410,(anonymous_16)
FN:421,(anonymous_17)
FN:427,(anonymous_18)
FNF:18
FNH:0
FNDA:0,ClubesPage
FNDA:0,(anonymous_2)
FNDA:0,(anonymous_3)
FNDA:0,(anonymous_4)
FNDA:0,(anonymous_5)
FNDA:0,(anonymous_6)
FNDA:0,(anonymous_7)
FNDA:0,(anonymous_8)
FNDA:0,(anonymous_9)
FNDA:0,(anonymous_10)
FNDA:0,(anonymous_11)
FNDA:0,(anonymous_12)
FNDA:0,(anonymous_13)
FNDA:0,(anonymous_14)
FNDA:0,(anonymous_15)
FNDA:0,(anonymous_16)
FNDA:0,(anonymous_17)
FNDA:0,(anonymous_18)
DA:8,0
DA:9,0
DA:10,0
DA:11,0
DA:12,0
DA:21,0
DA:22,0
DA:23,0
DA:24,0
DA:25,0
DA:26,0
DA:27,0
DA:35,0
DA:36,0
DA:37,0
DA:38,0
DA:44,0
DA:50,0
DA:64,0
DA:78,0
DA:80,0
DA:81,0
DA:82,0
DA:83,0
DA:86,0
DA:87,0
DA:91,0
DA:92,0
DA:93,0
DA:98,0
DA:99,0
DA:104,0
DA:105,0
DA:110,0
DA:120,0
DA:130,0
DA:131,0
DA:132,0
DA:133,0
DA:134,0
DA:138,0
DA:139,0
DA:140,0
DA:141,0
DA:142,0
DA:143,0
DA:147,0
DA:148,0
DA:151,0
DA:152,0
DA:259,0
DA:260,0
DA:265,0
DA:328,0
DA:351,0
DA:362,0
DA:367,0
DA:411,0
DA:422,0
DA:427,0
LF:60
LH:0
BRDA:92,0,0,0
BRDA:99,1,0,0
BRDA:99,1,1,0
BRDA:105,2,0,0
BRDA:105,2,1,0
BRDA:132,3,0,0
BRDA:140,4,0,0
BRDA:201,5,0,0
BRDA:214,6,0,0
BRDA:231,7,0,0
BRDA:231,7,1,0
BRDA:270,8,0,0
BRDA:283,9,0,0
BRDA:313,10,0,0
BRDA:313,10,1,0
BRDA:348,11,0,0
BRDA:348,11,1,0
BRDA:354,12,0,0
BRDA:354,12,1,0
BRDA:365,13,0,0
BRDA:365,13,1,0
BRDA:376,14,0,0
BRDA:384,15,0,0
BRDA:384,15,1,0
BRDA:408,16,0,0
BRDA:408,16,1,0
BRDA:414,17,0,0
BRDA:414,17,1,0
BRDA:425,18,0,0
BRDA:425,18,1,0
BRDA:440,19,0,0
BRDA:440,19,1,0
BRDA:441,20,0,0
BRDA:441,20,1,0
BRDA:442,21,0,0
BRDA:442,21,1,0
BRDA:443,22,0,0
BRDA:443,22,1,0
BRDA:450,23,0,0
BRDA:450,23,1,0
BRDA:453,24,0,0
BRDA:469,25,0,0
BRDA:469,25,1,0
BRDA:478,26,0,0
BRDA:478,26,1,0
BRDA:481,27,0,0
BRF:46
BRH:0
end_of_record
TN:
SF:app\dashboard\layout.tsx
FN:1,DashboardLayout
FNF:1
FNH:0
FNDA:0,DashboardLayout
DA:1,0
LF:1
LH:0
BRF:0
BRH:0
end_of_record
TN:
SF:app\dashboard\page.tsx
FN:6,Page
FNF:1
FNH:0
FNDA:0,Page
DA:1,0
DA:2,0
DA:3,0
DA:4,0
DA:6,0
LF:5
LH:0
BRF:0
BRH:0
end_of_record
TN:
SF:app\ejemplo-hover-cards\page.tsx
FN:3,EjemploHoverCards
FNF:1
FNH:0
FNDA:0,EjemploHoverCards
DA:1,0
DA:3,0
LF:2
LH:0
BRF:0
BRH:0
end_of_record
TN:
SF:app\ejemplo-waterfall-cards\page.tsx
FN:3,EjemploWaterfallCards
FNF:1
FNH:0
FNDA:0,EjemploWaterfallCards
DA:1,0
DA:3,0
LF:2
LH:0
BRF:0
BRH:0
end_of_record
TN:
SF:app\entrenamientos\page.tsx
FN:111,(anonymous_1)
FN:122,(anonymous_2)
FN:150,(anonymous_3)
FN:151,(anonymous_4)
FN:162,TrainingPage
FN:177,TrainingPageContent
FN:195,(anonymous_7)
FN:202,(anonymous_8)
FN:207,(anonymous_9)
FN:213,(anonymous_10)
FN:216,(anonymous_11)
FN:219,(anonymous_12)
FN:221,(anonymous_13)
FN:225,(anonymous_14)
FN:291,(anonymous_15)
FN:299,(anonymous_16)
FN:317,(anonymous_17)
FN:351,TrainingForm
FN:361,(anonymous_19)
FN:379,(anonymous_20)
FN:414,(anonymous_21)
FN:415,(anonymous_22)
FN:418,(anonymous_23)
FN:419,(anonymous_24)
FN:426,(anonymous_25)
FN:432,(anonymous_26)
FN:434,(anonymous_27)
FN:441,(anonymous_28)
FN:452,(anonymous_29)
FN:458,(anonymous_30)
FN:468,(anonymous_31)
FN:472,(anonymous_32)
FN:473,(anonymous_33)
FN:474,(anonymous_34)
FN:475,(anonymous_35)
FN:476,(anonymous_36)
FN:479,(anonymous_37)
FN:554,(anonymous_38)
FN:555,(anonymous_39)
FN:556,(anonymous_40)
FN:560,(anonymous_41)
FN:592,(anonymous_42)
FN:601,(anonymous_43)
FN:612,(anonymous_44)
FN:627,(anonymous_45)
FN:636,(anonymous_46)
FN:646,(anonymous_47)
FN:658,(anonymous_48)
FN:664,(anonymous_49)
FN:676,(anonymous_50)
FN:682,(anonymous_51)
FN:694,(anonymous_52)
FN:716,(anonymous_53)
FN:738,(anonymous_54)
FN:740,(anonymous_55)
FN:756,(anonymous_56)
FN:758,(anonymous_57)
FN:760,(anonymous_58)
FN:781,(anonymous_59)
FN:782,(anonymous_60)
FN:795,(anonymous_61)
FN:797,(anonymous_62)
FN:838,(anonymous_63)
FN:868,(anonymous_64)
FN:909,(anonymous_65)
FN:926,(anonymous_66)
FN:949,TrainingList
FN:985,(anonymous_68)
FN:1030,(anonymous_69)
FN:1039,(anonymous_70)
FN:1058,TrainingPageSkeleton
FNF:71
FNH:0
FNDA:0,(anonymous_1)
FNDA:0,(anonymous_2)
FNDA:0,(anonymous_3)
FNDA:0,(anonymous_4)
FNDA:0,TrainingPage
FNDA:0,TrainingPageContent
FNDA:0,(anonymous_7)
FNDA:0,(anonymous_8)
FNDA:0,(anonymous_9)
FNDA:0,(anonymous_10)
FNDA:0,(anonymous_11)
FNDA:0,(anonymous_12)
FNDA:0,(anonymous_13)
FNDA:0,(anonymous_14)
FNDA:0,(anonymous_15)
FNDA:0,(anonymous_16)
FNDA:0,(anonymous_17)
FNDA:0,TrainingForm
FNDA:0,(anonymous_19)
FNDA:0,(anonymous_20)
FNDA:0,(anonymous_21)
FNDA:0,(anonymous_22)
FNDA:0,(anonymous_23)
FNDA:0,(anonymous_24)
FNDA:0,(anonymous_25)
FNDA:0,(anonymous_26)
FNDA:0,(anonymous_27)
FNDA:0,(anonymous_28)
FNDA:0,(anonymous_29)
FNDA:0,(anonymous_30)
FNDA:0,(anonymous_31)
FNDA:0,(anonymous_32)
FNDA:0,(anonymous_33)
FNDA:0,(anonymous_34)
FNDA:0,(anonymous_35)
FNDA:0,(anonymous_36)
FNDA:0,(anonymous_37)
FNDA:0,(anonymous_38)
FNDA:0,(anonymous_39)
FNDA:0,(anonymous_40)
FNDA:0,(anonymous_41)
FNDA:0,(anonymous_42)
FNDA:0,(anonymous_43)
FNDA:0,(anonymous_44)
FNDA:0,(anonymous_45)
FNDA:0,(anonymous_46)
FNDA:0,(anonymous_47)
FNDA:0,(anonymous_48)
FNDA:0,(anonymous_49)
FNDA:0,(anonymous_50)
FNDA:0,(anonymous_51)
FNDA:0,(anonymous_52)
FNDA:0,(anonymous_53)
FNDA:0,(anonymous_54)
FNDA:0,(anonymous_55)
FNDA:0,(anonymous_56)
FNDA:0,(anonymous_57)
FNDA:0,(anonymous_58)
FNDA:0,(anonymous_59)
FNDA:0,(anonymous_60)
FNDA:0,(anonymous_61)
FNDA:0,(anonymous_62)
FNDA:0,(anonymous_63)
FNDA:0,(anonymous_64)
FNDA:0,(anonymous_65)
FNDA:0,(anonymous_66)
FNDA:0,TrainingList
FNDA:0,(anonymous_68)
FNDA:0,(anonymous_69)
FNDA:0,(anonymous_70)
FNDA:0,TrainingPageSkeleton
DA:3,0
DA:4,0
DA:5,0
DA:6,0
DA:7,0
DA:8,0
DA:9,0
DA:10,0
DA:11,0
DA:12,0
DA:13,0
DA:14,0
DA:15,0
DA:16,0
DA:17,0
DA:19,0
DA:20,0
DA:31,0
DA:32,0
DA:70,0
DA:97,0
DA:111,0
DA:122,0
DA:150,0
DA:151,0
DA:162,0
DA:179,0
DA:180,0
DA:181,0
DA:184,0
DA:185,0
DA:186,0
DA:187,0
DA:190,0
DA:195,0
DA:196,0
DA:202,0
DA:203,0
DA:204,0
DA:207,0
DA:208,0
DA:209,0
DA:210,0
DA:213,0
DA:214,0
DA:215,0
DA:216,0
DA:219,0
DA:220,0
DA:221,0
DA:224,0
DA:226,0
DA:227,0
DA:230,0
DA:231,0
DA:232,0
DA:235,0
DA:236,0
DA:237,0
DA:239,0
DA:242,0
DA:244,0
DA:245,0
DA:247,0
DA:256,0
DA:257,0
DA:291,0
DA:299,0
DA:318,0
DA:319,0
DA:320,0
DA:322,0
DA:361,0
DA:374,0
DA:379,0
DA:380,0
DA:381,0
DA:382,0
DA:396,0
DA:414,0
DA:415,0
DA:418,0
DA:419,0
DA:426,0
DA:431,0
DA:432,0
DA:435,0
DA:441,0
DA:443,0
DA:444,0
DA:452,0
DA:458,0
DA:459,0
DA:460,0
DA:461,0
DA:464,0
DA:465,0
DA:467,0
DA:468,0
DA:471,0
DA:472,0
DA:473,0
DA:474,0
DA:475,0
DA:476,0
DA:479,0
DA:482,0
DA:483,0
DA:484,0
DA:485,0
DA:486,0
DA:487,0
DA:488,0
DA:489,0
DA:490,0
DA:491,0
DA:492,0
DA:493,0
DA:494,0
DA:495,0
DA:496,0
DA:499,0
DA:500,0
DA:501,0
DA:502,0
DA:503,0
DA:505,0
DA:513,0
DA:514,0
DA:515,0
DA:517,0
DA:518,0
DA:522,0
DA:523,0
DA:524,0
DA:528,0
DA:529,0
DA:544,0
DA:545,0
DA:547,0
DA:554,0
DA:555,0
DA:556,0
DA:560,0
DA:561,0
DA:592,0
DA:602,0
DA:603,0
DA:604,0
DA:612,0
DA:627,0
DA:636,0
DA:647,0
DA:658,0
DA:665,0
DA:676,0
DA:683,0
DA:694,0
DA:716,0
DA:739,0
DA:740,0
DA:744,0
DA:757,0
DA:758,0
DA:761,0
DA:782,0
DA:797,0
DA:838,0
DA:869,0
DA:910,0
DA:927,0
DA:950,0
DA:952,0
DA:963,0
DA:986,0
DA:1030,0
DA:1039,0
LF:177
LH:0
BRDA:114,0,0,0
BRDA:114,0,1,0
BRDA:118,1,0,0
BRDA:118,1,1,0
BRDA:119,2,0,0
BRDA:119,2,1,0
BRDA:138,3,0,0
BRDA:138,3,1,0
BRDA:226,4,0,0
BRDA:256,5,0,0
BRDA:275,6,0,0
BRDA:281,7,0,0
BRDA:290,8,0,0
BRDA:290,8,1,0
BRDA:295,9,0,0
BRDA:295,9,1,0
BRDA:298,10,0,0
BRDA:298,10,1,0
BRDA:310,11,0,0
BRDA:329,12,0,0
BRDA:329,12,1,0
BRDA:380,13,0,0
BRDA:380,13,1,0
BRDA:388,14,0,0
BRDA:388,14,1,0
BRDA:422,15,0,0
BRDA:422,15,1,0
BRDA:431,16,0,0
BRDA:431,16,1,0
BRDA:435,17,0,0
BRDA:435,17,1,0
BRDA:459,18,0,0
BRDA:459,19,0,0
BRDA:459,19,1,0
BRDA:490,20,0,0
BRDA:490,20,1,0
BRDA:491,21,0,0
BRDA:491,21,1,0
BRDA:492,22,0,0
BRDA:492,22,1,0
BRDA:493,23,0,0
BRDA:493,23,1,0
BRDA:494,24,0,0
BRDA:494,24,1,0
BRDA:513,25,0,0
BRDA:513,25,1,0
BRDA:528,26,0,0
BRDA:545,27,0,0
BRDA:545,27,1,0
BRDA:561,28,0,0
BRDA:561,28,1,0
BRDA:575,29,0,0
BRDA:575,29,1,0
BRDA:578,30,0,0
BRDA:578,30,1,0
BRDA:603,31,0,0
BRDA:755,32,0,0
BRDA:755,32,1,0
BRDA:757,33,0,0
BRDA:757,33,1,0
BRDA:761,34,0,0
BRDA:761,34,1,0
BRDA:768,35,0,0
BRDA:768,35,1,0
BRDA:828,36,0,0
BRDA:844,37,0,0
BRDA:851,38,0,0
BRDA:851,38,1,0
BRDA:952,39,0,0
BRDA:963,40,0,0
BRF:70
BRH:0
end_of_record
TN:
SF:app\herramientas\page.tsx
FN:11,HerramientasPage
FNF:1
FNH:0
FNDA:0,HerramientasPage
DA:3,0
DA:4,0
DA:5,0
DA:6,0
DA:7,0
DA:8,0
DA:9,0
DA:11,0
LF:8
LH:0
BRF:0
BRH:0
end_of_record
TN:
SF:app\log\page.tsx
FN:7,LogPage
FNF:1
FNH:0
FNDA:0,LogPage
DA:1,0
DA:2,0
DA:3,0
DA:4,0
DA:5,0
DA:7,0
LF:6
LH:0
BRF:0
BRH:0
end_of_record
TN:
SF:app\marketing\layout.tsx
FN:67,RootLayout
FNF:1
FNH:0
FNDA:0,RootLayout
DA:1,0
DA:5,0
DA:6,0
DA:8,0
DA:10,0
DA:15,0
DA:67,0
LF:7
LH:0
BRF:0
BRH:0
end_of_record
TN:
SF:app\marketing\page.tsx
FN:16,MarketingPage
FNF:1
FNH:0
FNDA:0,MarketingPage
DA:3,0
DA:4,0
DA:5,0
DA:6,0
DA:7,0
DA:8,0
DA:9,0
DA:10,0
DA:11,0
DA:12,0
DA:13,0
DA:14,0
DA:16,0
DA:17,0
LF:14
LH:0
BRF:0
BRH:0
end_of_record
TN:
SF:app\marketing\components\contexts\theme-provider.tsx
FN:6,ThemeProvider
FN:9,(anonymous_2)
FNF:2
FNH:0
FNDA:0,ThemeProvider
FNDA:0,(anonymous_2)
DA:3,0
DA:4,0
DA:6,0
DA:7,0
DA:9,0
DA:10,0
DA:13,0
LF:7
LH:0
BRDA:13,0,0,0
BRF:1
BRH:0
end_of_record
TN:
SF:app\marketing\components\logos\figma.tsx
FNF:0
FNH:0
DA:18,0
LF:1
LH:0
BRF:0
BRH:0
end_of_record
TN:
SF:app\marketing\components\logos\github.tsx
FNF:0
FNH:0
DA:9,0
LF:1
LH:0
BRF:0
BRH:0
end_of_record
TN:
SF:app\marketing\components\logos\launch-ui.tsx
FNF:0
FNH:0
DA:19,0
LF:1
LH:0
BRF:0
BRH:0
end_of_record
TN:
SF:app\marketing\components\logos\react.tsx
FNF:0
FNH:0
DA:31,0
LF:1
LH:0
BRF:0
BRH:0
end_of_record
TN:
SF:app\marketing\components\logos\shadcn-ui.tsx
FNF:0
FNH:0
DA:26,0
LF:1
LH:0
BRF:0
BRH:0
end_of_record
TN:
SF:app\marketing\components\logos\tailwind.tsx
FNF:0
FNH:0
DA:16,0
LF:1
LH:0
BRF:0
BRH:0
end_of_record
TN:
SF:app\marketing\components\logos\typescript.tsx
FNF:0
FNH:0
DA:18,0
LF:1
LH:0
BRF:0
BRH:0
end_of_record
TN:
SF:app\marketing\components\sections\bento-grid\default.tsx
FN:74,BentoGrid
FN:95,(anonymous_2)
FNF:2
FNH:0
FNDA:0,BentoGrid
FNDA:0,(anonymous_2)
DA:3,0
DA:5,0
DA:23,0
DA:74,0
DA:96,0
LF:5
LH:0
BRDA:75,0,0,0
BRDA:76,1,0,0
BRDA:77,2,0,0
BRDA:108,3,0,0
BRF:4
BRH:0
end_of_record
TN:
SF:app\marketing\components\sections\cta\default.tsx
FN:24,CTA
FN:53,(anonymous_3)
FNF:2
FNH:0
FNDA:0,CTA
FNDA:0,(anonymous_3)
DA:3,0
DA:4,0
DA:6,0
DA:7,0
DA:8,0
DA:24,0
DA:54,0
LF:7
LH:0
BRDA:25,0,0,0
BRDA:26,1,0,0
BRDA:41,2,0,0
BRDA:41,2,1,0
BRDA:56,3,0,0
BRDA:56,3,1,0
BRF:6
BRH:0
end_of_record
TN:
SF:app\marketing\components\sections\demo\default.tsx
FN:7,Demo
FNF:1
FNH:0
FNDA:0,Demo
DA:3,0
DA:5,0
DA:7,0
LF:3
LH:0
BRF:0
BRH:0
end_of_record
TN:
SF:app\marketing\components\sections\faq\default.tsx
FN:74,BentoGrid
FN:95,(anonymous_2)
FNF:2
FNH:0
FNDA:0,BentoGrid
FNDA:0,(anonymous_2)
DA:3,0
DA:5,0
DA:23,0
DA:74,0
DA:96,0
LF:5
LH:0
BRDA:75,0,0,0
BRDA:76,1,0,0
BRDA:77,2,0,0
BRDA:108,3,0,0
BRF:4
BRH:0
end_of_record
TN:
SF:app\marketing\components\sections\features\default.tsx
FN:8,Features
FN:49,(anonymous_3)
FN:57,(anonymous_4)
FNF:3
FNH:0
FNDA:0,Features
FNDA:0,(anonymous_3)
FNDA:0,(anonymous_4)
DA:3,0
DA:4,0
DA:6,0
DA:8,0
DA:9,0
DA:11,0
DA:50,0
DA:57,0
LF:8
LH:0
BRDA:53,0,0,0
BRDA:53,0,1,0
BRF:2
BRH:0
end_of_record
TN:
SF:app\marketing\components\sections\footer\default.tsx
FN:35,FooterSection
FN:82,(anonymous_3)
FN:85,(anonymous_4)
FN:100,(anonymous_5)
FNF:4
FNH:0
FNDA:0,FooterSection
FNDA:0,(anonymous_3)
FNDA:0,(anonymous_4)
FNDA:0,(anonymous_5)
DA:3,0
DA:4,0
DA:6,0
DA:12,0
DA:13,0
DA:35,0
DA:83,0
DA:86,0
DA:101,0
LF:9
LH:0
BRDA:36,0,0,0
BRDA:37,1,0,0
BRDA:38,2,0,0
BRDA:63,3,0,0
BRDA:64,4,0,0
BRDA:68,5,0,0
BRDA:105,6,0,0
BRDA:105,6,1,0
BRF:8
BRH:0
end_of_record
TN:
SF:app\marketing\components\sections\hero\default.tsx
FN:30,Hero
FN:81,(anonymous_3)
FNF:2
FNH:0
FNDA:0,Hero
FNDA:0,(anonymous_3)
DA:1,0
DA:4,0
DA:5,0
DA:7,0
DA:8,0
DA:9,0
DA:10,0
DA:11,0
DA:30,0
DA:82,0
LF:10
LH:0
BRDA:31,0,0,0
BRDA:32,1,0,0
BRDA:33,2,0,0
BRDA:43,3,0,0
BRDA:54,4,0,0
BRDA:72,5,0,0
BRDA:72,5,1,0
BRDA:79,6,0,0
BRDA:79,6,1,0
BRDA:84,7,0,0
BRDA:84,7,1,0
BRDA:87,8,0,0
BRDA:87,8,1,0
BRDA:102,9,0,0
BRF:14
BRH:0
end_of_record
TN:
SF:app\marketing\components\sections\items\default.tsx
FN:28,Items
FN:90,(anonymous_2)
FNF:2
FNH:0
FNDA:0,Items
FNDA:0,(anonymous_2)
DA:10,0
DA:13,0
DA:14,0
DA:28,0
DA:91,0
LF:5
LH:0
BRDA:29,0,0,0
BRDA:30,1,0,0
BRDA:88,2,0,0
BRDA:88,2,1,0
BRF:4
BRH:0
end_of_record
TN:
SF:app\marketing\components\sections\logos\default.tsx
FN:21,Logos
FNF:1
FNH:0
FNDA:0,Logos
DA:3,0
DA:5,0
DA:6,0
DA:7,0
DA:8,0
DA:9,0
DA:10,0
DA:11,0
DA:12,0
DA:21,0
LF:10
LH:0
BRDA:22,0,0,0
BRDA:23,1,0,0
BRDA:28,2,0,0
BRDA:58,3,0,0
BRDA:58,3,1,0
BRDA:61,4,0,0
BRDA:61,4,1,0
BRF:7
BRH:0
end_of_record
TN:
SF:app\marketing\components\sections\navbar\default.tsx
FN:41,Navbar
FN:81,(anonymous_3)
FN:123,(anonymous_4)
FNF:3
FNH:0
FNDA:0,Navbar
FNDA:0,(anonymous_3)
FNDA:0,(anonymous_4)
DA:1,0
DA:4,0
DA:5,0
DA:7,0
DA:12,0
DA:13,0
DA:14,0
DA:41,0
DA:82,0
DA:124,0
LF:10
LH:0
BRDA:42,0,0,0
BRDA:43,1,0,0
BRDA:44,2,0,0
BRDA:45,3,0,0
BRDA:50,4,0,0
BRDA:59,5,0,0
BRDA:76,6,0,0
BRDA:76,6,1,0
BRDA:76,6,2,0
BRF:9
BRH:0
end_of_record
TN:
SF:app\marketing\components\sections\pricing\default.tsx
FN:16,Pricing
FN:96,(anonymous_2)
FNF:2
FNH:0
FNDA:0,Pricing
FNDA:0,(anonymous_2)
DA:1,0
DA:3,0
DA:4,0
DA:6,0
DA:7,0
DA:16,0
DA:97,0
LF:7
LH:0
BRDA:17,0,0,0
BRDA:18,1,0,0
BRDA:19,2,0,0
BRDA:75,3,0,0
BRDA:80,4,0,0
BRDA:80,4,1,0
BRDA:82,5,0,0
BRDA:87,6,0,0
BRDA:94,7,0,0
BRDA:94,7,1,0
BRF:10
BRH:0
end_of_record
TN:
SF:app\marketing\components\sections\stats\default.tsx
FN:15,Stats
FN:47,(anonymous_2)
FNF:2
FNH:0
FNDA:0,Stats
FNDA:0,(anonymous_2)
DA:1,0
DA:15,0
DA:48,0
LF:3
LH:0
BRDA:16,0,0,0
BRDA:45,1,0,0
BRDA:45,1,1,0
BRDA:52,2,0,0
BRDA:61,3,0,0
BRDA:67,4,0,0
BRF:6
BRH:0
end_of_record
TN:
SF:app\marketing\components\ui\accordion.tsx
FN:11,AccordionItem
FN:24,AccordionTrigger
FN:46,AccordionContent
FNF:3
FNH:0
FNDA:0,AccordionItem
FNDA:0,AccordionTrigger
FNDA:0,AccordionContent
DA:3,0
DA:4,0
DA:5,0
DA:7,0
DA:9,0
DA:62,0
LF:6
LH:0
BRF:0
BRH:0
end_of_record
TN:
SF:app\marketing\components\ui\badge.tsx
FN:37,Badge
FNF:1
FNH:0
FNDA:0,Badge
DA:1,0
DA:2,0
DA:4,0
DA:6,0
DA:47,0
LF:5
LH:0
BRF:0
BRH:0
end_of_record
TN:
SF:app\marketing\components\ui\beam.tsx
FN:29,Beam
FNF:1
FNH:0
FNDA:0,Beam
DA:1,0
DA:2,0
DA:4,0
DA:6,0
DA:39,0
LF:5
LH:0
BRF:0
BRH:0
end_of_record
TN:
SF:app\marketing\components\ui\button.tsx
FN:45,Button
FNF:1
FNH:0
FNDA:0,Button
DA:1,0
DA:2,0
DA:3,0
DA:5,0
DA:7,0
DA:52,0
DA:62,0
LF:7
LH:0
BRDA:49,0,0,0
BRDA:52,1,0,0
BRDA:52,1,1,0
BRF:3
BRH:0
end_of_record
TN:
SF:app\marketing\components\ui\card.tsx
FN:5,Card
FN:18,CardHeader
FN:28,CardTitle
FN:38,CardDescription
FN:48,CardContent
FN:58,CardFooter
FNF:6
FNH:0
FNDA:0,Card
FNDA:0,CardHeader
FNDA:0,CardTitle
FNDA:0,CardDescription
FNDA:0,CardContent
FNDA:0,CardFooter
DA:1,0
DA:3,0
DA:69,0
DA:70,0
DA:71,0
DA:72,0
DA:73,0
DA:74,0
LF:8
LH:0
BRF:0
BRH:0
end_of_record
TN:
SF:app\marketing\components\ui\dropdown-menu.tsx
FN:25,DropdownMenuSubTrigger
FN:49,DropdownMenuSubContent
FN:65,DropdownMenuContent
FN:86,DropdownMenuItem
FN:106,DropdownMenuCheckboxItem
FN:132,DropdownMenuRadioItem
FN:156,DropdownMenuLabel
FN:176,DropdownMenuSeparator
FN:189,DropdownMenuShortcut
FNF:9
FNH:0
FNDA:0,DropdownMenuSubTrigger
FNDA:0,DropdownMenuSubContent
FNDA:0,DropdownMenuContent
FNDA:0,DropdownMenuItem
FNDA:0,DropdownMenuCheckboxItem
FNDA:0,DropdownMenuRadioItem
FNDA:0,DropdownMenuLabel
FNDA:0,DropdownMenuSeparator
FNDA:0,DropdownMenuShortcut
DA:3,0
DA:8,0
DA:9,0
DA:11,0
DA:13,0
DA:15,0
DA:17,0
DA:19,0
DA:21,0
DA:23,0
DA:203,0
DA:204,0
DA:205,0
DA:206,0
DA:207,0
DA:208,0
DA:209,0
DA:210,0
DA:211,0
DA:212,0
DA:213,0
DA:214,0
DA:215,0
DA:216,0
DA:217,0
LF:25
LH:0
BRDA:38,0,0,0
BRDA:38,0,1,0
BRDA:67,1,0,0
BRDA:98,2,0,0
BRDA:98,2,1,0
BRDA:168,3,0,0
BRDA:168,3,1,0
BRF:7
BRH:0
end_of_record
TN:
SF:app\marketing\components\ui\footer.tsx
FN:5,Footer
FN:15,FooterContent
FN:28,FooterColumn
FN:38,FooterBottom
FNF:4
FNH:0
FNDA:0,Footer
FNDA:0,FooterContent
FNDA:0,FooterColumn
FNDA:0,FooterBottom
DA:1,0
DA:3,0
DA:51,0
LF:3
LH:0
BRF:0
BRH:0
end_of_record
TN:
SF:app\marketing\components\ui\glow.tsx
FN:21,Glow
FNF:1
FNH:0
FNDA:0,Glow
DA:1,0
DA:2,0
DA:4,0
DA:6,0
DA:48,0
LF:5
LH:0
BRDA:35,0,0,0
BRDA:35,0,1,0
BRDA:41,1,0,0
BRDA:41,1,1,0
BRF:4
BRH:0
end_of_record
TN:
SF:app\marketing\components\ui\item.tsx
FN:5,Item
FN:15,ItemTitle
FN:28,ItemDescription
FN:41,ItemIcon
FNF:4
FNH:0
FNDA:0,Item
FNDA:0,ItemTitle
FNDA:0,ItemDescription
FNDA:0,ItemIcon
DA:1,0
DA:3,0
DA:51,0
LF:3
LH:0
BRF:0
BRH:0
end_of_record
TN:
SF:app\marketing\components\ui\logo.tsx
FN:17,Logo
FNF:1
FNH:0
FNDA:0,Logo
DA:1,0
DA:3,0
DA:5,0
DA:17,0
LF:4
LH:0
BRDA:22,0,0,0
BRDA:23,1,0,0
BRDA:24,2,0,0
BRDA:40,3,0,0
BRDA:40,3,1,0
BRDA:41,4,0,0
BRDA:42,5,0,0
BRF:7
BRH:0
end_of_record
TN:
SF:app\marketing\components\ui\mockup.tsx
FN:25,Mockup
FN:54,MockupFrame
FNF:2
FNH:0
FNDA:0,Mockup
FNDA:0,MockupFrame
DA:1,0
DA:2,0
DA:4,0
DA:6,0
DA:35,0
DA:64,0
LF:6
LH:0
BRF:0
BRH:0
end_of_record
TN:
SF:app\marketing\components\ui\mode-toggle.tsx
FN:16,ModeToggle
FN:20,(anonymous_5)
FN:38,(anonymous_6)
FN:41,(anonymous_7)
FN:44,(anonymous_8)
FNF:5
FNH:0
FNDA:0,ModeToggle
FNDA:0,(anonymous_5)
FNDA:0,(anonymous_6)
FNDA:0,(anonymous_7)
FNDA:0,(anonymous_8)
DA:3,0
DA:4,0
DA:5,0
DA:8,0
DA:14,0
DA:16,0
DA:17,0
DA:18,0
DA:20,0
DA:21,0
DA:24,0
DA:25,0
DA:38,0
DA:41,0
DA:44,0
LF:15
LH:0
BRDA:24,0,0,0
BRF:1
BRH:0
end_of_record
TN:
SF:app\marketing\components\ui\navbar.tsx
FN:5,Navbar
FN:15,NavbarLeft
FN:25,NavbarRight
FN:35,NavbarCenter
FNF:4
FNH:0
FNDA:0,Navbar
FNDA:0,NavbarLeft
FNDA:0,NavbarRight
FNDA:0,NavbarCenter
DA:1,0
DA:3,0
DA:45,0
LF:3
LH:0
BRF:0
BRH:0
end_of_record
TN:
SF:app\marketing\components\ui\navigation-menu.tsx
FN:8,NavigationMenu
FN:28,NavigationMenuList
FN:50,NavigationMenuTrigger
FN:70,NavigationMenuContent
FN:88,NavigationMenuViewport
FN:106,NavigationMenuIndicator
FNF:6
FNH:0
FNDA:0,NavigationMenu
FNDA:0,NavigationMenuList
FNDA:0,NavigationMenuTrigger
FNDA:0,NavigationMenuContent
FNDA:0,NavigationMenuViewport
FNDA:0,NavigationMenuIndicator
DA:1,0
DA:2,0
DA:3,0
DA:4,0
DA:6,0
DA:44,0
DA:46,0
DA:86,0
DA:125,0
DA:126,0
DA:127,0
DA:128,0
DA:129,0
DA:130,0
DA:131,0
DA:132,0
DA:133,0
LF:17
LH:0
BRF:0
BRH:0
end_of_record
TN:
SF:app\marketing\components\ui\navigation.tsx
FN:48,Navigation
FN:127,(anonymous_6)
FN:158,(anonymous_7)
FN:166,(anonymous_8)
FN:189,ListItem
FNF:5
FNH:0
FNDA:0,Navigation
FNDA:0,(anonymous_6)
FNDA:0,(anonymous_7)
FNDA:0,(anonymous_8)
FNDA:0,ListItem
DA:3,0
DA:4,0
DA:7,0
DA:8,0
DA:10,0
DA:19,0
DA:48,0
DA:128,0
DA:159,0
DA:167,0
LF:10
LH:0
BRDA:49,0,0,0
BRDA:64,1,0,0
BRDA:101,2,0,0
BRDA:102,3,0,0
BRDA:103,4,0,0
BRDA:104,5,0,0
BRDA:105,6,0,0
BRDA:130,7,0,0
BRDA:134,8,0,0
BRDA:134,8,1,0
BRDA:140,9,0,0
BRDA:140,9,1,0
BRDA:164,10,0,0
BRDA:164,10,1,0
BRF:14
BRH:0
end_of_record
TN:
SF:app\marketing\components\ui\pricing-column.tsx
FN:43,PricingColumn
FN:106,(anonymous_5)
FNF:2
FNH:0
FNDA:0,PricingColumn
FNDA:0,(anonymous_5)
DA:1,0
DA:2,0
DA:3,0
DA:6,0
DA:8,0
DA:10,0
DA:43,0
DA:107,0
DA:118,0
LF:9
LH:0
BRDA:63,0,0,0
BRDA:63,0,1,0
BRDA:69,1,0,0
BRDA:86,2,0,0
BRF:4
BRH:0
end_of_record
TN:
SF:app\marketing\components\ui\screenshot.tsx
FN:18,Screenshot
FN:29,(anonymous_3)
FNF:2
FNH:0
FNDA:0,Screenshot
FNDA:0,(anonymous_3)
DA:3,0
DA:4,0
DA:5,0
DA:7,0
DA:18,0
DA:26,0
DA:27,0
DA:29,0
DA:30,0
DA:31,0
DA:35,0
LF:11
LH:0
BRDA:30,0,0,0
BRDA:31,1,0,0
BRDA:31,1,1,0
BRDA:31,2,0,0
BRDA:31,2,1,0
BRDA:35,3,0,0
BRF:6
BRH:0
end_of_record
TN:
SF:app\marketing\components\ui\section.tsx
FN:5,Section
FNF:1
FNH:0
FNDA:0,Section
DA:1,0
DA:3,0
DA:18,0
LF:3
LH:0
BRF:0
BRH:0
end_of_record
TN:
SF:app\marketing\components\ui\sheet.tsx
FN:18,SheetOverlay
FN:57,SheetContent
FN:81,SheetHeader
FN:94,SheetFooter
FN:107,SheetTitle
FN:120,SheetDescription
FNF:6
FNH:0
FNDA:0,SheetOverlay
FNDA:0,SheetContent
FNDA:0,SheetHeader
FNDA:0,SheetFooter
FNDA:0,SheetTitle
FNDA:0,SheetDescription
DA:3,0
DA:4,0
DA:5,0
DA:6,0
DA:8,0
DA:10,0
DA:12,0
DA:14,0
DA:16,0
DA:34,0
DA:134,0
DA:135,0
DA:136,0
DA:137,0
DA:138,0
DA:139,0
DA:140,0
DA:141,0
DA:142,0
DA:143,0
LF:20
LH:0
BRDA:58,0,0,0
BRF:1
BRH:0
end_of_record
TN:
SF:app\notifications\page.tsx
FN:19,NotificationsPage
FN:63,(anonymous_2)
FN:75,(anonymous_3)
FN:76,(anonymous_4)
FN:81,(anonymous_5)
FN:82,(anonymous_6)
FN:85,(anonymous_7)
FN:129,(anonymous_8)
FN:137,(anonymous_9)
FN:191,(anonymous_10)
FN:205,(anonymous_11)
FN:219,(anonymous_12)
FN:233,(anonymous_13)
FN:247,(anonymous_14)
FNF:14
FNH:0
FNDA:0,NotificationsPage
FNDA:0,(anonymous_2)
FNDA:0,(anonymous_3)
FNDA:0,(anonymous_4)
FNDA:0,(anonymous_5)
FNDA:0,(anonymous_6)
FNDA:0,(anonymous_7)
FNDA:0,(anonymous_8)
FNDA:0,(anonymous_9)
FNDA:0,(anonymous_10)
FNDA:0,(anonymous_11)
FNDA:0,(anonymous_12)
FNDA:0,(anonymous_13)
FNDA:0,(anonymous_14)
DA:3,0
DA:4,0
DA:5,0
DA:6,0
DA:13,0
DA:14,0
DA:15,0
DA:16,0
DA:17,0
DA:19,0
DA:20,0
DA:55,0
DA:63,0
DA:64,0
DA:75,0
DA:76,0
DA:77,0
DA:81,0
DA:82,0
DA:85,0
DA:130,0
DA:137,0
DA:192,0
DA:206,0
DA:220,0
DA:234,0
DA:248,0
LF:27
LH:0
BRDA:64,0,0,0
BRDA:77,1,0,0
BRDA:77,1,1,0
BRDA:107,2,0,0
BRDA:123,3,0,0
BRDA:133,4,0,0
BRDA:133,4,1,0
BRDA:146,5,0,0
BRF:8
BRH:0
end_of_record
TN:
SF:app\planificacion\page.tsx
FN:7,PlanificacionPage
FNF:1
FNH:0
FNDA:0,PlanificacionPage
DA:1,0
DA:2,0
DA:3,0
DA:4,0
DA:5,0
DA:7,0
LF:6
LH:0
BRF:0
BRH:0
end_of_record
TN:
SF:app\profile\page.tsx
FN:19,ProfilePage
FN:30,(anonymous_2)
FN:72,(anonymous_3)
FN:84,(anonymous_4)
FN:95,(anonymous_5)
FN:106,(anonymous_6)
FN:164,(anonymous_7)
FN:173,(anonymous_8)
FNF:8
FNH:0
FNDA:0,ProfilePage
FNDA:0,(anonymous_2)
FNDA:0,(anonymous_3)
FNDA:0,(anonymous_4)
FNDA:0,(anonymous_5)
FNDA:0,(anonymous_6)
FNDA:0,(anonymous_7)
FNDA:0,(anonymous_8)
DA:3,0
DA:4,0
DA:5,0
DA:12,0
DA:13,0
DA:14,0
DA:15,0
DA:16,0
DA:17,0
DA:19,0
DA:20,0
DA:21,0
DA:30,0
DA:32,0
DA:73,0
DA:85,0
DA:96,0
DA:107,0
DA:164,0
DA:173,0
LF:20
LH:0
BRDA:161,0,0,0
BRF:1
BRH:0
end_of_record
TN:
SF:app\protected\page.tsx
FN:6,ProtectedPage
FNF:1
FNH:0
FNDA:0,ProtectedPage
DA:1,0
DA:2,0
DA:3,0
DA:4,0
DA:6,0
DA:7,0
DA:11,0
DA:13,0
DA:14,0
LF:9
LH:0
BRDA:13,0,0,0
BRF:1
BRH:0
end_of_record
TN:
SF:app\protected\reset-password\page.tsx
FN:7,ResetPassword
FNF:1
FNH:0
FNDA:0,ResetPassword
DA:1,0
DA:2,0
DA:3,0
DA:4,0
DA:5,0
DA:7,0
DA:10,0
LF:7
LH:0
BRF:0
BRH:0
end_of_record
TN:
SF:app\recursos-entrenadores\page.tsx
FN:8,CoachResourcesPage
FNF:1
FNH:0
FNDA:0,CoachResourcesPage
DA:3,0
DA:4,0
DA:5,0
DA:6,0
DA:8,0
LF:5
LH:0
BRF:0
BRH:0
end_of_record
TN:
SF:app\reports\page.tsx
FN:92,ReportsContent
FN:109,(anonymous_2)
FN:110,(anonymous_3)
FN:246,(anonymous_4)
FN:270,(anonymous_5)
FN:279,(anonymous_6)
FN:293,(anonymous_7)
FN:303,(anonymous_8)
FN:312,(anonymous_9)
FN:313,(anonymous_10)
FN:315,(anonymous_11)
FN:315,(anonymous_12)
FN:317,(anonymous_13)
FN:319,(anonymous_14)
FN:324,(anonymous_15)
FN:326,(anonymous_16)
FN:329,(anonymous_17)
FN:330,(anonymous_18)
FN:333,(anonymous_19)
FN:335,(anonymous_20)
FN:343,(anonymous_21)
FN:344,(anonymous_22)
FN:347,(anonymous_23)
FN:351,(anonymous_24)
FN:356,(anonymous_25)
FN:364,(anonymous_26)
FN:370,(anonymous_27)
FN:374,(anonymous_28)
FN:393,(anonymous_29)
FN:395,(anonymous_30)
FN:412,(anonymous_31)
FN:421,(anonymous_32)
FN:449,(anonymous_33)
FN:468,(anonymous_34)
FN:527,(anonymous_35)
FN:549,(anonymous_36)
FN:562,(anonymous_37)
FN:570,(anonymous_38)
FN:586,(anonymous_39)
FN:641,(anonymous_40)
FN:665,(anonymous_41)
FN:667,(anonymous_42)
FN:677,(anonymous_43)
FN:683,(anonymous_44)
FN:832,(anonymous_45)
FN:839,(anonymous_46)
FN:841,(anonymous_47)
FN:851,(anonymous_48)
FN:857,(anonymous_49)
FN:1010,(anonymous_50)
FN:1025,(anonymous_51)
FN:1027,(anonymous_52)
FN:1052,(anonymous_53)
FN:1142,(anonymous_54)
FN:1159,(anonymous_55)
FN:1187,ReportsPage
FNF:56
FNH:0
FNDA:0,ReportsContent
FNDA:0,(anonymous_2)
FNDA:0,(anonymous_3)
FNDA:0,(anonymous_4)
FNDA:0,(anonymous_5)
FNDA:0,(anonymous_6)
FNDA:0,(anonymous_7)
FNDA:0,(anonymous_8)
FNDA:0,(anonymous_9)
FNDA:0,(anonymous_10)
FNDA:0,(anonymous_11)
FNDA:0,(anonymous_12)
FNDA:0,(anonymous_13)
FNDA:0,(anonymous_14)
FNDA:0,(anonymous_15)
FNDA:0,(anonymous_16)
FNDA:0,(anonymous_17)
FNDA:0,(anonymous_18)
FNDA:0,(anonymous_19)
FNDA:0,(anonymous_20)
FNDA:0,(anonymous_21)
FNDA:0,(anonymous_22)
FNDA:0,(anonymous_23)
FNDA:0,(anonymous_24)
FNDA:0,(anonymous_25)
FNDA:0,(anonymous_26)
FNDA:0,(anonymous_27)
FNDA:0,(anonymous_28)
FNDA:0,(anonymous_29)
FNDA:0,(anonymous_30)
FNDA:0,(anonymous_31)
FNDA:0,(anonymous_32)
FNDA:0,(anonymous_33)
FNDA:0,(anonymous_34)
FNDA:0,(anonymous_35)
FNDA:0,(anonymous_36)
FNDA:0,(anonymous_37)
FNDA:0,(anonymous_38)
FNDA:0,(anonymous_39)
FNDA:0,(anonymous_40)
FNDA:0,(anonymous_41)
FNDA:0,(anonymous_42)
FNDA:0,(anonymous_43)
FNDA:0,(anonymous_44)
FNDA:0,(anonymous_45)
FNDA:0,(anonymous_46)
FNDA:0,(anonymous_47)
FNDA:0,(anonymous_48)
FNDA:0,(anonymous_49)
FNDA:0,(anonymous_50)
FNDA:0,(anonymous_51)
FNDA:0,(anonymous_52)
FNDA:0,(anonymous_53)
FNDA:0,(anonymous_54)
FNDA:0,(anonymous_55)
FNDA:0,ReportsPage
DA:3,0
DA:4,0
DA:5,0
DA:6,0
DA:13,0
DA:14,0
DA:15,0
DA:22,0
DA:23,0
DA:24,0
DA:25,0
DA:26,0
DA:27,0
DA:28,0
DA:45,0
DA:46,0
DA:93,0
DA:94,0
DA:95,0
DA:96,0
DA:97,0
DA:98,0
DA:99,0
DA:102,0
DA:103,0
DA:106,0
DA:109,0
DA:110,0
DA:111,0
DA:112,0
DA:113,0
DA:115,0
DA:116,0
DA:118,0
DA:122,0
DA:126,0
DA:178,0
DA:246,0
DA:247,0
DA:250,0
DA:252,0
DA:253,0
DA:255,0
DA:256,0
DA:258,0
DA:259,0
DA:261,0
DA:262,0
DA:264,0
DA:265,0
DA:267,0
DA:270,0
DA:271,0
DA:272,0
DA:276,0
DA:279,0
DA:293,0
DA:295,0
DA:298,0
DA:299,0
DA:303,0
DA:305,0
DA:308,0
DA:312,0
DA:313,0
DA:314,0
DA:315,0
DA:317,0
DA:318,0
DA:319,0
DA:324,0
DA:325,0
DA:326,0
DA:328,0
DA:329,0
DA:330,0
DA:333,0
DA:334,0
DA:335,0
DA:343,0
DA:344,0
DA:345,0
DA:346,0
DA:347,0
DA:348,0
DA:350,0
DA:351,0
DA:354,0
DA:355,0
DA:356,0
DA:359,0
DA:364,0
DA:365,0
DA:366,0
DA:367,0
DA:370,0
DA:371,0
DA:372,0
DA:374,0
DA:377,0
DA:384,0
DA:386,0
DA:387,0
DA:389,0
DA:393,0
DA:394,0
DA:395,0
DA:396,0
DA:397,0
DA:398,0
DA:402,0
DA:403,0
DA:404,0
DA:405,0
DA:406,0
DA:407,0
DA:408,0
DA:412,0
DA:421,0
DA:434,0
DA:444,0
DA:445,0
DA:449,0
DA:450,0
DA:455,0
DA:458,0
DA:469,0
DA:528,0
DA:550,0
DA:562,0
DA:571,0
DA:586,0
DA:641,0
DA:666,0
DA:667,0
DA:669,0
DA:677,0
DA:683,0
DA:832,0
DA:840,0
DA:841,0
DA:843,0
DA:851,0
DA:858,0
DA:1011,0
DA:1026,0
DA:1027,0
DA:1029,0
DA:1052,0
DA:1143,0
DA:1160,0
DA:1187,0
LF:152
LH:0
BRDA:250,0,0,0
BRDA:250,0,1,0
BRDA:250,0,2,0
BRDA:250,0,3,0
BRDA:250,0,4,0
BRDA:250,0,5,0
BRDA:272,1,0,0
BRDA:272,1,1,0
BRDA:281,2,0,0
BRDA:281,2,1,0
BRDA:283,3,0,0
BRDA:283,3,1,0
BRDA:284,4,0,0
BRDA:284,4,1,0
BRDA:285,5,0,0
BRDA:285,5,1,0
BRDA:286,6,0,0
BRDA:286,6,1,0
BRDA:287,7,0,0
BRDA:287,7,1,0
BRDA:288,8,0,0
BRDA:288,8,1,0
BRDA:295,9,0,0
BRDA:295,9,1,0
BRDA:298,10,0,0
BRDA:298,10,1,0
BRDA:299,11,0,0
BRDA:299,11,1,0
BRDA:305,12,0,0
BRDA:305,12,1,0
BRDA:305,12,2,0
BRDA:314,13,0,0
BRDA:314,13,1,0
BRDA:318,14,0,0
BRDA:328,15,0,0
BRDA:328,15,1,0
BRDA:334,16,0,0
BRDA:345,17,0,0
BRDA:354,18,0,0
BRDA:354,18,1,0
BRDA:396,19,0,0
BRDA:403,20,0,0
BRDA:403,20,1,0
BRDA:405,21,0,0
BRDA:405,21,1,0
BRDA:407,22,0,0
BRDA:445,23,0,0
BRDA:445,23,1,0
BRDA:458,24,0,0
BRDA:673,25,0,0
BRDA:673,25,1,0
BRDA:694,26,0,0
BRDA:722,27,0,0
BRDA:722,27,1,0
BRDA:727,28,0,0
BRDA:744,29,0,0
BRDA:744,29,1,0
BRDA:744,29,2,0
BRDA:750,30,0,0
BRDA:767,31,0,0
BRDA:767,31,1,0
BRDA:780,32,0,0
BRDA:780,32,1,0
BRDA:847,33,0,0
BRDA:847,33,1,0
BRDA:889,34,0,0
BRDA:917,35,0,0
BRDA:917,35,1,0
BRDA:922,36,0,0
BRDA:939,37,0,0
BRDA:939,37,1,0
BRDA:939,37,2,0
BRDA:945,38,0,0
BRDA:962,39,0,0
BRDA:962,39,1,0
BRDA:975,40,0,0
BRDA:975,40,1,0
BRDA:1045,41,0,0
BRDA:1045,41,1,0
BRDA:1055,42,0,0
BRDA:1055,42,1,0
BRDA:1058,43,0,0
BRDA:1058,43,1,0
BRDA:1082,44,0,0
BRDA:1081,45,0,0
BRDA:1081,45,1,0
BRDA:1138,46,0,0
BRDA:1155,47,0,0
BRF:88
BRH:0
end_of_record
TN:
SF:app\settings\page.tsx
FN:54,SettingsContent
FN:85,(anonymous_5)
FN:104,(anonymous_6)
FN:105,(anonymous_7)
FN:108,(anonymous_8)
FN:109,(anonymous_9)
FN:112,(anonymous_10)
FN:119,(anonymous_11)
FN:126,(anonymous_12)
FN:151,(anonymous_13)
FN:156,(anonymous_14)
FN:289,(anonymous_15)
FN:306,(anonymous_16)
FN:323,(anonymous_17)
FN:349,(anonymous_18)
FN:366,(anonymous_19)
FN:394,(anonymous_20)
FN:411,(anonymous_21)
FN:647,(anonymous_22)
FN:656,(anonymous_23)
FN:665,(anonymous_24)
FN:674,(anonymous_25)
FN:683,(anonymous_26)
FN:754,(anonymous_27)
FN:761,(anonymous_28)
FN:808,(anonymous_29)
FN:852,(anonymous_30)
FN:900,(anonymous_31)
FN:980,SettingsPage
FNF:29
FNH:0
FNDA:0,SettingsContent
FNDA:0,(anonymous_5)
FNDA:0,(anonymous_6)
FNDA:0,(anonymous_7)
FNDA:0,(anonymous_8)
FNDA:0,(anonymous_9)
FNDA:0,(anonymous_10)
FNDA:0,(anonymous_11)
FNDA:0,(anonymous_12)
FNDA:0,(anonymous_13)
FNDA:0,(anonymous_14)
FNDA:0,(anonymous_15)
FNDA:0,(anonymous_16)
FNDA:0,(anonymous_17)
FNDA:0,(anonymous_18)
FNDA:0,(anonymous_19)
FNDA:0,(anonymous_20)
FNDA:0,(anonymous_21)
FNDA:0,(anonymous_22)
FNDA:0,(anonymous_23)
FNDA:0,(anonymous_24)
FNDA:0,(anonymous_25)
FNDA:0,(anonymous_26)
FNDA:0,(anonymous_27)
FNDA:0,(anonymous_28)
FNDA:0,(anonymous_29)
FNDA:0,(anonymous_30)
FNDA:0,(anonymous_31)
FNDA:0,SettingsPage
DA:3,0
DA:4,0
DA:5,0
DA:6,0
DA:7,0
DA:14,0
DA:15,0
DA:16,0
DA:23,0
DA:24,0
DA:25,0
DA:26,0
DA:27,0
DA:28,0
DA:29,0
DA:50,0
DA:51,0
DA:56,0
DA:57,0
DA:58,0
DA:59,0
DA:76,0
DA:79,0
DA:82,0
DA:85,0
DA:86,0
DA:92,0
DA:94,0
DA:104,0
DA:105,0
DA:108,0
DA:109,0
DA:112,0
DA:113,0
DA:115,0
DA:116,0
DA:119,0
DA:120,0
DA:121,0
DA:126,0
DA:127,0
DA:152,0
DA:153,0
DA:156,0
DA:290,0
DA:307,0
DA:324,0
DA:350,0
DA:367,0
DA:395,0
DA:412,0
DA:647,0
DA:656,0
DA:665,0
DA:674,0
DA:683,0
DA:755,0
DA:762,0
DA:809,0
DA:853,0
DA:900,0
DA:980,0
LF:62
LH:0
BRDA:57,0,0,0
BRDA:57,0,1,0
BRDA:86,1,0,0
BRDA:158,2,0,0
BRDA:158,2,1,0
BRDA:176,3,0,0
BRDA:258,4,0,0
BRDA:424,5,0,0
BRDA:499,6,0,0
BRDA:605,7,0,0
BRDA:646,8,0,0
BRDA:646,8,1,0
BRDA:655,9,0,0
BRDA:655,9,1,0
BRDA:664,10,0,0
BRDA:664,10,1,0
BRDA:673,11,0,0
BRDA:673,11,1,0
BRDA:682,12,0,0
BRDA:682,12,1,0
BRDA:701,13,0,0
BRDA:701,13,1,0
BRDA:707,14,0,0
BRDA:707,14,1,0
BRDA:713,15,0,0
BRDA:713,15,1,0
BRDA:719,16,0,0
BRDA:719,16,1,0
BRDA:725,17,0,0
BRDA:725,17,1,0
BRDA:758,18,0,0
BRDA:758,18,1,0
BRDA:778,19,0,0
BRDA:801,20,0,0
BRDA:801,20,1,0
BRDA:845,21,0,0
BRDA:845,21,1,0
BRDA:871,22,0,0
BRDA:892,23,0,0
BRDA:892,23,1,0
BRDA:903,24,0,0
BRF:41
BRH:0
end_of_record
TN:
SF:components\calendar.tsx
FN:7,CalendarDemo
FNF:1
FNH:0
FNDA:0,CalendarDemo
DA:3,0
DA:5,0
DA:7,0
DA:8,0
LF:4
LH:0
BRF:0
BRH:0
end_of_record
TN:
SF:components\error-boundary.tsx
FN:29,(anonymous_2)
FN:34,(anonymous_3)
FN:41,(anonymous_4)
FN:51,(anonymous_5)
FN:58,(anonymous_6)
FN:73,DefaultErrorFallback
FN:76,(anonymous_8)
FN:85,(anonymous_9)
FN:99,(anonymous_10)
FN:135,(anonymous_11)
FNF:10
FNH:0
FNDA:0,(anonymous_2)
FNDA:0,(anonymous_3)
FNDA:0,(anonymous_4)
FNDA:0,(anonymous_5)
FNDA:0,(anonymous_6)
FNDA:0,DefaultErrorFallback
FNDA:0,(anonymous_8)
FNDA:0,(anonymous_9)
FNDA:0,(anonymous_10)
FNDA:0,(anonymous_11)
DA:3,0
DA:4,0
DA:5,0
DA:6,0
DA:30,0
DA:31,0
DA:35,0
DA:42,0
DA:48,0
DA:52,0
DA:53,0
DA:59,0
DA:69,0
DA:74,0
DA:76,0
DA:78,0
DA:85,0
DA:86,0
DA:87,0
DA:89,0
DA:90,0
DA:92,0
DA:93,0
DA:95,0
DA:99,0
DA:100,0
DA:101,0
DA:103,0
DA:104,0
DA:106,0
DA:135,0
DA:160,0
LF:32
LH:0
BRDA:52,0,0,0
BRDA:53,1,0,0
BRDA:53,1,1,0
BRDA:86,2,0,0
BRDA:89,3,0,0
BRDA:92,4,0,0
BRDA:92,5,0,0
BRDA:92,5,1,0
BRDA:93,6,0,0
BRDA:93,6,1,0
BRDA:93,6,2,0
BRDA:93,6,3,0
BRDA:100,7,0,0
BRDA:100,8,0,0
BRDA:100,8,1,0
BRDA:103,9,0,0
BRDA:103,10,0,0
BRDA:103,10,1,0
BRDA:103,10,2,0
BRDA:142,11,0,0
BRF:20
BRH:0
end_of_record
TN:
SF:components\hero.tsx
FN:4,Header
FNF:1
FNH:0
FNDA:0,Header
DA:1,0
DA:2,0
DA:4,0
LF:3
LH:0
BRF:0
BRH:0
end_of_record
TN:
SF:components\lazy-route.tsx
FN:13,(anonymous_4)
FN:13,(anonymous_5)
FN:14,(anonymous_6)
FN:14,(anonymous_7)
FN:15,(anonymous_8)
FN:15,(anonymous_9)
FN:16,(anonymous_10)
FN:16,(anonymous_11)
FN:17,(anonymous_12)
FN:17,(anonymous_13)
FN:18,(anonymous_14)
FN:18,(anonymous_15)
FN:19,(anonymous_16)
FN:19,(anonymous_17)
FN:20,(anonymous_18)
FN:20,(anonymous_19)
FN:23,DefaultFallback
FN:37,LazyRoute
FNF:18
FNH:0
FNDA:0,(anonymous_4)
FNDA:0,(anonymous_5)
FNDA:0,(anonymous_6)
FNDA:0,(anonymous_7)
FNDA:0,(anonymous_8)
FNDA:0,(anonymous_9)
FNDA:0,(anonymous_10)
FNDA:0,(anonymous_11)
FNDA:0,(anonymous_12)
FNDA:0,(anonymous_13)
FNDA:0,(anonymous_14)
FNDA:0,(anonymous_15)
FNDA:0,(anonymous_16)
FNDA:0,(anonymous_17)
FNDA:0,(anonymous_18)
FNDA:0,(anonymous_19)
FNDA:0,DefaultFallback
FNDA:0,LazyRoute
DA:3,0
DA:4,0
DA:12,0
DA:13,0
DA:14,0
DA:15,0
DA:16,0
DA:17,0
DA:18,0
DA:19,0
DA:20,0
DA:37,0
DA:41,0
DA:43,0
LF:14
LH:0
BRDA:39,0,0,0
BRDA:43,1,0,0
BRF:2
BRH:0
end_of_record
TN:
SF:components\rate-limit-indicator.tsx
FN:12,RateLimitIndicator
FNF:1
FNH:0
FNDA:0,RateLimitIndicator
DA:3,0
DA:4,0
DA:5,0
DA:6,0
DA:12,0
DA:19,0
DA:21,0
DA:23,0
DA:24,0
DA:25,0
DA:27,0
DA:39,0
LF:12
LH:0
BRDA:21,0,0,0
BRDA:27,1,0,0
BRDA:39,2,0,0
BRF:3
BRH:0
end_of_record
TN:
SF:components\admin\advanced-monitoring-dashboard.tsx
FN:111,AdvancedMonitoringDashboard
FN:119,(anonymous_2)
FN:145,(anonymous_3)
FN:150,(anonymous_4)
FN:154,(anonymous_5)
FN:158,(anonymous_6)
FN:162,(anonymous_7)
FN:169,(anonymous_8)
FN:176,(anonymous_9)
FN:189,(anonymous_10)
FN:206,(anonymous_11)
FN:210,(anonymous_12)
FN:217,(anonymous_13)
FN:244,(anonymous_14)
FN:248,(anonymous_15)
FN:308,(anonymous_16)
FN:622,(anonymous_17)
FN:662,(anonymous_18)
FN:686,(anonymous_19)
FNF:19
FNH:0
FNDA:0,AdvancedMonitoringDashboard
FNDA:0,(anonymous_2)
FNDA:0,(anonymous_3)
FNDA:0,(anonymous_4)
FNDA:0,(anonymous_5)
FNDA:0,(anonymous_6)
FNDA:0,(anonymous_7)
FNDA:0,(anonymous_8)
FNDA:0,(anonymous_9)
FNDA:0,(anonymous_10)
FNDA:0,(anonymous_11)
FNDA:0,(anonymous_12)
FNDA:0,(anonymous_13)
FNDA:0,(anonymous_14)
FNDA:0,(anonymous_15)
FNDA:0,(anonymous_16)
FNDA:0,(anonymous_17)
FNDA:0,(anonymous_18)
FNDA:0,(anonymous_19)
DA:3,0
DA:4,0
DA:5,0
DA:12,0
DA:13,0
DA:25,0
DA:35,0
DA:36,0
DA:37,0
DA:40,0
DA:111,0
DA:112,0
DA:113,0
DA:114,0
DA:115,0
DA:116,0
DA:117,0
DA:119,0
DA:120,0
DA:121,0
DA:122,0
DA:124,0
DA:130,0
DA:131,0
DA:134,0
DA:135,0
DA:136,0
DA:137,0
DA:139,0
DA:141,0
DA:145,0
DA:146,0
DA:148,0
DA:149,0
DA:150,0
DA:154,0
DA:155,0
DA:158,0
DA:159,0
DA:162,0
DA:163,0
DA:164,0
DA:165,0
DA:166,0
DA:169,0
DA:170,0
DA:171,0
DA:172,0
DA:173,0
DA:176,0
DA:177,0
DA:179,0
DA:181,0
DA:183,0
DA:185,0
DA:189,0
DA:190,0
DA:192,0
DA:194,0
DA:196,0
DA:198,0
DA:200,0
DA:205,0
DA:206,0
DA:210,0
DA:217,0
DA:226,0
DA:243,0
DA:244,0
DA:248,0
DA:256,0
DA:265,0
DA:276,0
DA:308,0
DA:623,0
DA:663,0
DA:687,0
LF:77
LH:0
BRDA:130,0,0,0
BRDA:136,1,0,0
BRDA:136,1,1,0
BRDA:137,2,0,0
BRDA:137,2,1,0
BRDA:139,3,0,0
BRDA:139,3,1,0
BRDA:148,4,0,0
BRDA:164,5,0,0
BRDA:170,6,0,0
BRDA:171,7,0,0
BRDA:172,8,0,0
BRDA:177,9,0,0
BRDA:177,9,1,0
BRDA:177,9,2,0
BRDA:177,9,3,0
BRDA:190,10,0,0
BRDA:190,10,1,0
BRDA:190,10,2,0
BRDA:190,10,3,0
BRDA:190,10,4,0
BRDA:227,11,0,0
BRDA:227,11,1,0
BRDA:231,12,0,0
BRDA:231,12,1,0
BRDA:236,13,0,0
BRDA:236,13,1,0
BRDA:256,14,0,0
BRDA:265,15,0,0
BRDA:276,16,0,0
BRDA:303,17,0,0
BRDA:303,17,1,0
BRDA:309,18,0,0
BRDA:309,18,1,0
BRDA:312,19,0,0
BRDA:312,19,1,0
BRDA:326,20,0,0
BRDA:326,20,1,0
BRDA:328,21,0,0
BRDA:328,21,1,0
BRDA:348,22,0,0
BRDA:355,23,0,0
BRDA:355,23,1,0
BRDA:368,24,0,0
BRDA:368,24,1,0
BRDA:370,25,0,0
BRDA:370,25,1,0
BRDA:617,26,0,0
BRF:48
BRH:0
end_of_record
TN:
SF:components\admin\rate-limit-dashboard.tsx
FN:44,RateLimitDashboard
FN:50,(anonymous_2)
FN:75,(anonymous_3)
FN:94,(anonymous_4)
FN:97,(anonymous_5)
FN:129,(anonymous_6)
FN:133,(anonymous_7)
FN:137,(anonymous_8)
FN:305,(anonymous_9)
FN:332,(anonymous_10)
FNF:10
FNH:0
FNDA:0,RateLimitDashboard
FNDA:0,(anonymous_2)
FNDA:0,(anonymous_3)
FNDA:0,(anonymous_4)
FNDA:0,(anonymous_5)
FNDA:0,(anonymous_6)
FNDA:0,(anonymous_7)
FNDA:0,(anonymous_8)
FNDA:0,(anonymous_9)
FNDA:0,(anonymous_10)
DA:3,0
DA:4,0
DA:5,0
DA:12,0
DA:13,0
DA:22,0
DA:23,0
DA:44,0
DA:45,0
DA:46,0
DA:47,0
DA:48,0
DA:50,0
DA:51,0
DA:52,0
DA:53,0
DA:55,0
DA:61,0
DA:62,0
DA:65,0
DA:66,0
DA:67,0
DA:69,0
DA:71,0
DA:75,0
DA:76,0
DA:77,0
DA:84,0
DA:85,0
DA:88,0
DA:90,0
DA:94,0
DA:95,0
DA:96,0
DA:97,0
DA:100,0
DA:109,0
DA:120,0
DA:129,0
DA:130,0
DA:133,0
DA:134,0
DA:137,0
DA:138,0
DA:306,0
DA:333,0
LF:46
LH:0
BRDA:61,0,0,0
BRDA:69,1,0,0
BRDA:69,1,1,0
BRDA:84,2,0,0
BRDA:90,3,0,0
BRDA:90,3,1,0
BRDA:100,4,0,0
BRDA:109,5,0,0
BRDA:120,6,0,0
BRDA:120,7,0,0
BRDA:120,7,1,0
BRDA:168,8,0,0
BRDA:175,9,0,0
BRDA:175,9,1,0
BRDA:178,10,0,0
BRDA:178,10,1,0
BRDA:189,11,0,0
BRDA:196,12,0,0
BRDA:196,12,1,0
BRF:19
BRH:0
end_of_record
TN:
SF:components\charts\barchart.tsx
FN:30,(anonymous_4)
FN:41,(anonymous_5)
FN:69,(anonymous_6)
FN:101,(anonymous_7)
FN:133,(anonymous_8)
FN:244,VolumeBarchart
FN:253,(anonymous_10)
FN:254,(anonymous_11)
FN:275,(anonymous_12)
FN:311,(anonymous_13)
FN:313,(anonymous_14)
FN:315,(anonymous_15)
FN:323,(anonymous_16)
FN:325,(anonymous_17)
FN:332,(anonymous_18)
FN:440,(anonymous_19)
FN:490,(anonymous_20)
FN:497,(anonymous_21)
FNF:18
FNH:0
FNDA:0,(anonymous_4)
FNDA:0,(anonymous_5)
FNDA:0,(anonymous_6)
FNDA:0,(anonymous_7)
FNDA:0,(anonymous_8)
FNDA:0,VolumeBarchart
FNDA:0,(anonymous_10)
FNDA:0,(anonymous_11)
FNDA:0,(anonymous_12)
FNDA:0,(anonymous_13)
FNDA:0,(anonymous_14)
FNDA:0,(anonymous_15)
FNDA:0,(anonymous_16)
FNDA:0,(anonymous_17)
FNDA:0,(anonymous_18)
FNDA:0,(anonymous_19)
FNDA:0,(anonymous_20)
FNDA:0,(anonymous_21)
DA:9,0
DA:15,0
DA:16,0
DA:17,0
DA:18,0
DA:24,0
DA:25,0
DA:27,0
DA:30,0
DA:31,0
DA:33,0
DA:35,0
DA:36,0
DA:37,0
DA:38,0
DA:39,0
DA:41,0
DA:42,0
DA:44,0
DA:50,0
DA:60,0
DA:61,0
DA:63,0
DA:64,0
DA:65,0
DA:66,0
DA:67,0
DA:69,0
DA:70,0
DA:71,0
DA:74,0
DA:76,0
DA:82,0
DA:92,0
DA:93,0
DA:95,0
DA:96,0
DA:97,0
DA:98,0
DA:99,0
DA:101,0
DA:102,0
DA:103,0
DA:106,0
DA:108,0
DA:114,0
DA:124,0
DA:127,0
DA:128,0
DA:129,0
DA:130,0
DA:131,0
DA:133,0
DA:134,0
DA:135,0
DA:138,0
DA:140,0
DA:146,0
DA:156,0
DA:161,0
DA:217,0
DA:244,0
DA:245,0
DA:246,0
DA:247,0
DA:250,0
DA:253,0
DA:254,0
DA:255,0
DA:256,0
DA:257,0
DA:259,0
DA:260,0
DA:262,0
DA:266,0
DA:270,0
DA:271,0
DA:274,0
DA:275,0
DA:311,0
DA:312,0
DA:313,0
DA:314,0
DA:315,0
DA:319,0
DA:323,0
DA:324,0
DA:325,0
DA:327,0
DA:328,0
DA:332,0
DA:333,0
DA:334,0
DA:337,0
DA:341,0
DA:344,0
DA:441,0
DA:442,0
DA:490,0
DA:498,0
LF:100
LH:0
BRDA:33,0,0,0
BRDA:33,0,1,0
BRDA:61,1,0,0
BRDA:61,1,1,0
BRDA:71,2,0,0
BRDA:71,2,1,0
BRDA:93,3,0,0
BRDA:93,3,1,0
BRDA:103,4,0,0
BRDA:103,4,1,0
BRDA:135,5,0,0
BRDA:135,5,1,0
BRDA:271,6,0,0
BRDA:271,6,1,0
BRDA:315,7,0,0
BRDA:315,7,1,0
BRDA:327,8,0,0
BRDA:327,8,1,0
BRDA:333,9,0,0
BRDA:344,10,0,0
BRDA:371,11,0,0
BRDA:371,11,1,0
BRDA:373,12,0,0
BRDA:373,12,1,0
BRDA:375,13,0,0
BRDA:375,13,1,0
BRDA:475,14,0,0
BRDA:475,14,1,0
BRF:28
BRH:0
end_of_record
TN:
SF:components\charts\barstacked+chart+legend.tsx
FN:43,BarStackedChartLegend
FN:59,(anonymous_2)
FNF:2
FNH:0
FNDA:0,BarStackedChartLegend
FNDA:0,(anonymous_2)
DA:3,0
DA:4,0
DA:13,0
DA:21,0
DA:23,0
DA:32,0
DA:43,0
DA:59,0
LF:8
LH:0
BRF:0
BRH:0
end_of_record
TN:
SF:components\charts\chart-area-interactive.tsx
FN:136,ChartAreaInteractive
FN:140,(anonymous_5)
FN:146,(anonymous_6)
FN:248,(anonymous_7)
FN:260,(anonymous_8)
FNF:5
FNH:0
FNDA:0,ChartAreaInteractive
FNDA:0,(anonymous_5)
FNDA:0,(anonymous_6)
FNDA:0,(anonymous_7)
FNDA:0,(anonymous_8)
DA:3,0
DA:4,0
DA:6,0
DA:13,0
DA:19,0
DA:26,0
DA:27,0
DA:28,0
DA:122,0
DA:136,0
DA:137,0
DA:138,0
DA:140,0
DA:141,0
DA:142,0
DA:146,0
DA:147,0
DA:148,0
DA:149,0
DA:150,0
DA:151,0
DA:152,0
DA:153,0
DA:155,0
DA:156,0
DA:157,0
DA:249,0
DA:250,0
DA:261,0
LF:29
LH:0
BRDA:141,0,0,0
BRDA:150,1,0,0
BRDA:150,1,1,0
BRDA:152,2,0,0
BRF:4
BRH:0
end_of_record
TN:
SF:components\charts\chartcomponent.tsx
FN:37,(anonymous_4)
FN:48,(anonymous_5)
FN:69,(anonymous_6)
FN:90,(anonymous_7)
FN:111,(anonymous_8)
FN:263,ChartComponent
FN:269,(anonymous_10)
FN:270,(anonymous_11)
FN:290,(anonymous_12)
FN:305,(anonymous_13)
FN:394,(anonymous_14)
FN:402,(anonymous_15)
FN:404,(anonymous_16)
FN:417,(anonymous_17)
FN:418,(anonymous_18)
FN:431,(anonymous_19)
FN:609,(anonymous_20)
FN:615,(anonymous_21)
FNF:18
FNH:0
FNDA:0,(anonymous_4)
FNDA:0,(anonymous_5)
FNDA:0,(anonymous_6)
FNDA:0,(anonymous_7)
FNDA:0,(anonymous_8)
FNDA:0,ChartComponent
FNDA:0,(anonymous_10)
FNDA:0,(anonymous_11)
FNDA:0,(anonymous_12)
FNDA:0,(anonymous_13)
FNDA:0,(anonymous_14)
FNDA:0,(anonymous_15)
FNDA:0,(anonymous_16)
FNDA:0,(anonymous_17)
FNDA:0,(anonymous_18)
FNDA:0,(anonymous_19)
FNDA:0,(anonymous_20)
FNDA:0,(anonymous_21)
DA:9,0
DA:17,0
DA:24,0
DA:25,0
DA:31,0
DA:32,0
DA:34,0
DA:37,0
DA:38,0
DA:40,0
DA:42,0
DA:43,0
DA:44,0
DA:45,0
DA:46,0
DA:48,0
DA:49,0
DA:51,0
DA:60,0
DA:61,0
DA:63,0
DA:64,0
DA:65,0
DA:66,0
DA:67,0
DA:69,0
DA:70,0
DA:72,0
DA:81,0
DA:84,0
DA:85,0
DA:86,0
DA:87,0
DA:88,0
DA:90,0
DA:91,0
DA:92,0
DA:95,0
DA:97,0
DA:106,0
DA:111,0
DA:112,0
DA:207,0
DA:208,0
DA:211,0
DA:212,0
DA:214,0
DA:216,0
DA:217,0
DA:218,0
DA:219,0
DA:220,0
DA:222,0
DA:231,0
DA:234,0
DA:240,0
DA:263,0
DA:264,0
DA:265,0
DA:266,0
DA:269,0
DA:270,0
DA:271,0
DA:272,0
DA:273,0
DA:275,0
DA:276,0
DA:278,0
DA:282,0
DA:286,0
DA:287,0
DA:290,0
DA:302,0
DA:305,0
DA:306,0
DA:307,0
DA:308,0
DA:313,0
DA:314,0
DA:325,0
DA:326,0
DA:327,0
DA:328,0
DA:329,0
DA:330,0
DA:334,0
DA:336,0
DA:337,0
DA:338,0
DA:340,0
DA:341,0
DA:343,0
DA:344,0
DA:345,0
DA:350,0
DA:351,0
DA:363,0
DA:365,0
DA:366,0
DA:368,0
DA:369,0
DA:370,0
DA:372,0
DA:373,0
DA:378,0
DA:379,0
DA:393,0
DA:394,0
DA:404,0
DA:405,0
DA:406,0
DA:407,0
DA:410,0
DA:411,0
DA:412,0
DA:417,0
DA:418,0
DA:431,0
DA:432,0
DA:434,0
DA:436,0
DA:440,0
DA:442,0
DA:444,0
DA:445,0
DA:446,0
DA:447,0
DA:449,0
DA:450,0
DA:451,0
DA:452,0
DA:454,0
DA:455,0
DA:456,0
DA:457,0
DA:459,0
DA:460,0
DA:461,0
DA:464,0
DA:468,0
DA:469,0
DA:474,0
DA:609,0
DA:615,0
LF:144
LH:0
BRDA:40,0,0,0
BRDA:40,0,1,0
BRDA:61,1,0,0
BRDA:61,1,1,0
BRDA:92,2,0,0
BRDA:92,2,1,0
BRDA:287,3,0,0
BRDA:287,3,1,0
BRDA:313,4,0,0
BRDA:334,5,0,0
BRDA:334,5,1,0
BRDA:341,6,0,0
BRDA:341,6,1,0
BRDA:350,7,0,0
BRDA:363,8,0,0
BRDA:363,9,0,0
BRDA:363,9,1,0
BRDA:366,10,0,0
BRDA:366,10,1,0
BRDA:378,11,0,0
BRDA:396,12,0,0
BRDA:396,12,1,0
BRDA:397,13,0,0
BRDA:397,13,1,0
BRDA:398,14,0,0
BRDA:398,14,1,0
BRDA:399,15,0,0
BRDA:399,15,1,0
BRDA:400,16,0,0
BRDA:400,16,1,0
BRDA:434,17,0,0
BRDA:442,18,0,0
BRDA:442,18,1,0
BRDA:447,19,0,0
BRDA:447,19,1,0
BRDA:452,20,0,0
BRDA:452,20,1,0
BRDA:457,21,0,0
BRDA:469,22,0,0
BRDA:469,22,1,0
BRDA:474,23,0,0
BRDA:499,24,0,0
BRDA:499,24,1,0
BRDA:501,25,0,0
BRDA:501,25,1,0
BRDA:507,26,0,0
BRDA:507,26,1,0
BRDA:509,27,0,0
BRDA:509,27,1,0
BRDA:604,28,0,0
BRDA:604,28,1,0
BRF:51
BRH:0
end_of_record
TN:
SF:components\charts\lazy-charts.tsx
FN:17,(anonymous_6)
FN:18,(anonymous_7)
FN:18,(anonymous_8)
FN:23,(anonymous_9)
FN:24,(anonymous_10)
FN:24,(anonymous_11)
FN:29,(anonymous_12)
FN:30,(anonymous_13)
FN:30,(anonymous_14)
FN:35,(anonymous_15)
FN:36,(anonymous_16)
FN:36,(anonymous_17)
FN:41,(anonymous_18)
FN:42,(anonymous_19)
FN:42,(anonymous_20)
FN:50,ChartSkeleton
FN:72,WeeklyTrendsChart
FN:120,ZoneDistributionChart
FN:133,(anonymous_24)
FNF:19
FNH:0
FNDA:0,(anonymous_6)
FNDA:0,(anonymous_7)
FNDA:0,(anonymous_8)
FNDA:0,(anonymous_9)
FNDA:0,(anonymous_10)
FNDA:0,(anonymous_11)
FNDA:0,(anonymous_12)
FNDA:0,(anonymous_13)
FNDA:0,(anonymous_14)
FNDA:0,(anonymous_15)
FNDA:0,(anonymous_16)
FNDA:0,(anonymous_17)
FNDA:0,(anonymous_18)
FNDA:0,(anonymous_19)
FNDA:0,(anonymous_20)
FNDA:0,ChartSkeleton
FNDA:0,WeeklyTrendsChart
FNDA:0,ZoneDistributionChart
FNDA:0,(anonymous_24)
DA:9,0
DA:10,0
DA:17,0
DA:18,0
DA:23,0
DA:24,0
DA:29,0
DA:30,0
DA:35,0
DA:36,0
DA:41,0
DA:42,0
DA:72,0
DA:120,0
DA:134,0
LF:15
LH:0
BRF:0
BRH:0
end_of_record
TN:
SF:components\common\data-table.tsx
FN:115,DragHandle
FN:137,(anonymous_7)
FN:149,(anonymous_10)
FN:158,(anonymous_12)
FN:169,(anonymous_13)
FN:207,(anonymous_18)
FN:209,(anonymous_19)
FN:232,(anonymous_22)
FN:234,(anonymous_23)
FN:255,(anonymous_24)
FN:311,DraggableRow
FN:327,(anonymous_27)
FN:336,DataTable
FN:341,(anonymous_29)
FN:361,(anonymous_30)
FN:361,(anonymous_31)
FN:375,(anonymous_32)
FN:390,handleDragEnd
FN:393,(anonymous_34)
FN:460,(anonymous_35)
FN:464,(anonymous_36)
FN:470,(anonymous_37)
FN:500,(anonymous_38)
FN:502,(anonymous_39)
FN:523,(anonymous_40)
FN:553,(anonymous_41)
FN:563,(anonymous_42)
FN:579,(anonymous_43)
FN:589,(anonymous_44)
FN:599,(anonymous_45)
FN:609,(anonymous_46)
FN:658,TableCellViewer
FN:693,(anonymous_48)
FNF:33
FNH:0
FNDA:0,DragHandle
FNDA:0,(anonymous_7)
FNDA:0,(anonymous_10)
FNDA:0,(anonymous_12)
FNDA:0,(anonymous_13)
FNDA:0,(anonymous_18)
FNDA:0,(anonymous_19)
FNDA:0,(anonymous_22)
FNDA:0,(anonymous_23)
FNDA:0,(anonymous_24)
FNDA:0,DraggableRow
FNDA:0,(anonymous_27)
FNDA:0,DataTable
FNDA:0,(anonymous_29)
FNDA:0,(anonymous_30)
FNDA:0,(anonymous_31)
FNDA:0,(anonymous_32)
FNDA:0,handleDragEnd
FNDA:0,(anonymous_34)
FNDA:0,(anonymous_35)
FNDA:0,(anonymous_36)
FNDA:0,(anonymous_37)
FNDA:0,(anonymous_38)
FNDA:0,(anonymous_39)
FNDA:0,(anonymous_40)
FNDA:0,(anonymous_41)
FNDA:0,(anonymous_42)
FNDA:0,(anonymous_43)
FNDA:0,(anonymous_44)
FNDA:0,(anonymous_45)
FNDA:0,(anonymous_46)
FNDA:0,TableCellViewer
FNDA:0,(anonymous_48)
DA:13,0
DA:14,0
DA:20,0
DA:21,0
DA:36,0
DA:50,0
DA:51,0
DA:52,0
DA:53,0
DA:54,0
DA:56,0
DA:57,0
DA:58,0
DA:64,0
DA:65,0
DA:73,0
DA:74,0
DA:75,0
DA:82,0
DA:83,0
DA:93,0
DA:101,0
DA:102,0
DA:104,0
DA:116,0
DA:134,0
DA:137,0
DA:149,0
DA:158,0
DA:208,0
DA:209,0
DA:233,0
DA:234,0
DA:256,0
DA:258,0
DA:259,0
DA:312,0
DA:328,0
DA:336,0
DA:341,0
DA:342,0
DA:344,0
DA:345,0
DA:348,0
DA:349,0
DA:353,0
DA:354,0
DA:360,0
DA:361,0
DA:365,0
DA:375,0
DA:391,0
DA:392,0
DA:393,0
DA:394,0
DA:395,0
DA:396,0
DA:461,0
DA:465,0
DA:471,0
DA:501,0
DA:503,0
DA:524,0
DA:554,0
DA:564,0
DA:579,0
DA:589,0
DA:599,0
DA:609,0
DA:638,0
DA:647,0
DA:659,0
DA:693,0
LF:73
LH:0
BRDA:146,0,0,0
BRDA:146,0,1,0
BRDA:146,0,2,0
BRDA:193,1,0,0
BRDA:193,1,1,0
BRDA:258,2,0,0
BRDA:318,3,0,0
BRDA:318,3,1,0
BRDA:361,4,0,0
BRDA:361,4,1,0
BRDA:392,5,0,0
BRDA:392,6,0,0
BRDA:392,6,1,0
BRDA:392,6,2,0
BRDA:461,7,0,0
BRDA:461,7,1,0
BRDA:505,8,0,0
BRDA:505,8,1,0
BRDA:519,9,0,0
BRDA:676,10,0,0
BRF:20
BRH:0
end_of_record
TN:
SF:components\common\landing-switch.tsx
FN:11,LandingSwitch
FN:18,(anonymous_2)
FN:23,(anonymous_3)
FNF:3
FNH:0
FNDA:0,LandingSwitch
FNDA:0,(anonymous_2)
FNDA:0,(anonymous_3)
DA:3,0
DA:4,0
DA:11,0
DA:15,0
DA:16,0
DA:18,0
DA:19,0
DA:20,0
DA:23,0
DA:24,0
DA:25,0
DA:28,0
LF:12
LH:0
BRDA:13,0,0,0
BRDA:28,1,0,0
BRDA:40,2,0,0
BRDA:40,2,1,0
BRF:4
BRH:0
end_of_record
TN:
SF:components\common\section-cards.tsx
FN:12,SectionCards
FNF:1
FNH:0
FNDA:0,SectionCards
DA:1,0
DA:3,0
DA:10,0
DA:12,0
LF:4
LH:0
BRF:0
BRH:0
end_of_record
TN:
SF:components\common\theme-switcher.tsx
FN:15,(anonymous_1)
FN:20,(anonymous_2)
FN:56,(anonymous_3)
FNF:3
FNH:0
FNDA:0,(anonymous_1)
FNDA:0,(anonymous_2)
FNDA:0,(anonymous_3)
DA:3,0
DA:10,0
DA:11,0
DA:12,0
DA:13,0
DA:15,0
DA:16,0
DA:17,0
DA:20,0
DA:21,0
DA:24,0
DA:25,0
DA:28,0
DA:56,0
DA:75,0
LF:15
LH:0
BRDA:24,0,0,0
BRDA:34,1,0,0
BRDA:34,1,1,0
BRDA:40,2,0,0
BRDA:40,2,1,0
BRF:5
BRH:0
end_of_record
TN:
SF:components\common\theme-toggle.tsx
FN:15,ThemeToggle
FN:28,(anonymous_5)
FN:31,(anonymous_6)
FN:34,(anonymous_7)
FNF:4
FNH:0
FNDA:0,ThemeToggle
FNDA:0,(anonymous_5)
FNDA:0,(anonymous_6)
FNDA:0,(anonymous_7)
DA:3,0
DA:4,0
DA:5,0
DA:7,0
DA:13,0
DA:15,0
DA:16,0
DA:28,0
DA:31,0
DA:34,0
LF:10
LH:0
BRF:0
BRH:0
end_of_record
TN:
SF:components\common\user-menu.tsx
FN:19,UserMenu
FN:23,(anonymous_2)
FN:27,(anonymous_3)
FN:40,(anonymous_4)
FN:45,(anonymous_5)
FN:48,(anonymous_6)
FNF:6
FNH:0
FNDA:0,UserMenu
FNDA:0,(anonymous_2)
FNDA:0,(anonymous_3)
FNDA:0,(anonymous_4)
FNDA:0,(anonymous_5)
FNDA:0,(anonymous_6)
DA:3,0
DA:4,0
DA:12,0
DA:13,0
DA:14,0
DA:16,0
DA:17,0
DA:19,0
DA:20,0
DA:21,0
DA:23,0
DA:24,0
DA:27,0
DA:30,0
DA:31,0
DA:32,0
DA:35,0
DA:40,0
DA:41,0
DA:42,0
DA:45,0
DA:48,0
DA:49,0
DA:52,0
DA:56,0
DA:57,0
DA:60,0
LF:27
LH:0
BRDA:41,0,0,0
BRDA:41,0,1,0
BRDA:52,1,0,0
BRDA:56,2,0,0
BRDA:60,3,0,0
BRDA:60,3,1,0
BRDA:79,4,0,0
BRDA:79,4,1,0
BRF:8
BRH:0
end_of_record
TN:
SF:components\common\weekinput.tsx
FN:15,WeekInput
FN:34,(anonymous_5)
FN:67,(anonymous_6)
FNF:3
FNH:0
FNDA:0,WeekInput
FNDA:0,(anonymous_5)
FNDA:0,(anonymous_6)
DA:3,0
DA:4,0
DA:5,0
DA:6,0
DA:13,0
DA:15,0
DA:16,0
DA:17,0
DA:18,0
DA:35,0
DA:67,0
LF:11
LH:0
BRF:0
BRH:0
end_of_record
TN:
SF:components\examples\api-validation-example.tsx
FN:24,ApiValidationExample
FN:31,(anonymous_2)
FN:35,(anonymous_3)
FN:52,(anonymous_4)
FN:54,(anonymous_5)
FN:55,(anonymous_6)
FN:59,(anonymous_7)
FN:68,(anonymous_8)
FN:69,(anonymous_9)
FN:72,(anonymous_10)
FN:84,(anonymous_11)
FN:121,(anonymous_12)
FN:147,(anonymous_13)
FN:158,(anonymous_14)
FN:168,(anonymous_15)
FN:179,(anonymous_16)
FN:193,(anonymous_17)
FN:208,(anonymous_18)
FN:314,(anonymous_19)
FN:339,(anonymous_20)
FNF:20
FNH:0
FNDA:0,ApiValidationExample
FNDA:0,(anonymous_2)
FNDA:0,(anonymous_3)
FNDA:0,(anonymous_4)
FNDA:0,(anonymous_5)
FNDA:0,(anonymous_6)
FNDA:0,(anonymous_7)
FNDA:0,(anonymous_8)
FNDA:0,(anonymous_9)
FNDA:0,(anonymous_10)
FNDA:0,(anonymous_11)
FNDA:0,(anonymous_12)
FNDA:0,(anonymous_13)
FNDA:0,(anonymous_14)
FNDA:0,(anonymous_15)
FNDA:0,(anonymous_16)
FNDA:0,(anonymous_17)
FNDA:0,(anonymous_18)
FNDA:0,(anonymous_19)
FNDA:0,(anonymous_20)
DA:3,0
DA:4,0
DA:5,0
DA:12,0
DA:13,0
DA:14,0
DA:15,0
DA:16,0
DA:17,0
DA:18,0
DA:24,0
DA:25,0
DA:26,0
DA:31,0
DA:35,0
DA:38,0
DA:39,0
DA:43,0
DA:50,0
DA:52,0
DA:55,0
DA:56,0
DA:57,0
DA:60,0
DA:68,0
DA:69,0
DA:72,0
DA:73,0
DA:75,0
DA:76,0
DA:77,0
DA:81,0
DA:84,0
DA:85,0
DA:86,0
DA:122,0
DA:147,0
DA:158,0
DA:168,0
DA:180,0
DA:194,0
DA:209,0
DA:315,0
DA:340,0
LF:44
LH:0
BRDA:38,0,0,0
BRDA:75,1,0,0
BRDA:114,2,0,0
BRDA:133,3,0,0
BRDA:146,4,0,0
BRDA:146,4,1,0
BRDA:157,5,0,0
BRDA:157,5,1,0
BRDA:167,6,0,0
BRDA:167,6,1,0
BRDA:178,7,0,0
BRDA:178,7,1,0
BRDA:180,8,0,0
BRDA:180,8,1,0
BRDA:192,9,0,0
BRDA:192,9,1,0
BRDA:194,10,0,0
BRDA:194,10,1,0
BRDA:207,11,0,0
BRDA:207,11,1,0
BRDA:209,12,0,0
BRDA:209,12,1,0
BRDA:229,13,0,0
BRDA:229,13,1,0
BRDA:232,14,0,0
BRDA:232,14,1,0
BRDA:257,15,0,0
BRDA:257,15,1,0
BRDA:263,16,0,0
BRDA:269,17,0,0
BRDA:269,17,1,0
BRDA:275,18,0,0
BRDA:275,18,1,0
BRDA:281,19,0,0
BRDA:287,20,0,0
BRDA:287,20,1,0
BRDA:293,21,0,0
BRDA:293,21,1,0
BRDA:299,22,0,0
BRDA:305,23,0,0
BRDA:305,23,1,0
BRDA:310,24,0,0
BRDA:329,25,0,0
BRF:43
BRH:0
end_of_record
TN:
SF:components\examples\optimized-images-example.tsx
FN:54,OptimizedImagesExample
FN:60,(anonymous_2)
FN:92,(anonymous_3)
FN:108,(anonymous_4)
FNF:4
FNH:0
FNDA:0,OptimizedImagesExample
FNDA:0,(anonymous_2)
FNDA:0,(anonymous_3)
FNDA:0,(anonymous_4)
DA:3,0
DA:4,0
DA:11,0
DA:17,0
DA:18,0
DA:19,0
DA:20,0
DA:26,0
DA:44,0
DA:54,0
DA:55,0
DA:56,0
DA:59,0
DA:60,0
DA:92,0
DA:108,0
LF:16
LH:0
BRDA:121,0,0,0
BRDA:122,1,0,0
BRDA:371,2,0,0
BRDA:371,2,1,0
BRDA:373,3,0,0
BRDA:373,3,1,0
BRDA:382,4,0,0
BRDA:382,4,1,0
BRDA:383,5,0,0
BRDA:383,5,1,0
BRF:10
BRH:0
end_of_record
TN:
SF:components\examples\session-form-example.tsx
FN:22,SessionFormExample
FN:36,(anonymous_3)
FN:39,(anonymous_4)
FN:48,(anonymous_5)
FN:53,(anonymous_6)
FN:62,(anonymous_7)
FN:65,(anonymous_8)
FN:67,(anonymous_9)
FN:68,(anonymous_10)
FN:84,(anonymous_11)
FN:93,(anonymous_12)
FN:94,(anonymous_13)
FN:95,(anonymous_14)
FN:98,(anonymous_15)
FN:101,(anonymous_16)
FN:106,(anonymous_17)
FN:142,(anonymous_18)
FN:173,(anonymous_19)
FN:218,(anonymous_20)
FN:225,(anonymous_21)
FNF:20
FNH:0
FNDA:0,SessionFormExample
FNDA:0,(anonymous_3)
FNDA:0,(anonymous_4)
FNDA:0,(anonymous_5)
FNDA:0,(anonymous_6)
FNDA:0,(anonymous_7)
FNDA:0,(anonymous_8)
FNDA:0,(anonymous_9)
FNDA:0,(anonymous_10)
FNDA:0,(anonymous_11)
FNDA:0,(anonymous_12)
FNDA:0,(anonymous_13)
FNDA:0,(anonymous_14)
FNDA:0,(anonymous_15)
FNDA:0,(anonymous_16)
FNDA:0,(anonymous_17)
FNDA:0,(anonymous_18)
FNDA:0,(anonymous_19)
FNDA:0,(anonymous_20)
FNDA:0,(anonymous_21)
DA:3,0
DA:4,0
DA:5,0
DA:6,0
DA:13,0
DA:15,0
DA:16,0
DA:22,0
DA:23,0
DA:24,0
DA:25,0
DA:28,0
DA:36,0
DA:37,0
DA:39,0
DA:41,0
DA:48,0
DA:49,0
DA:50,0
DA:53,0
DA:55,0
DA:62,0
DA:63,0
DA:65,0
DA:67,0
DA:68,0
DA:69,0
DA:80,0
DA:81,0
DA:84,0
DA:86,0
DA:93,0
DA:94,0
DA:95,0
DA:97,0
DA:98,0
DA:101,0
DA:102,0
DA:103,0
DA:106,0
DA:107,0
DA:108,0
DA:142,0
DA:174,0
DA:218,0
DA:225,0
LF:46
LH:0
BRDA:69,0,0,0
BRDA:69,0,1,0
BRDA:125,1,0,0
BRDA:126,2,0,0
BRDA:126,2,1,0
BRDA:129,3,0,0
BRDA:139,4,0,0
BRDA:152,5,0,0
BRDA:154,6,0,0
BRDA:154,6,1,0
BRDA:155,7,0,0
BRDA:155,7,1,0
BRDA:157,8,0,0
BRDA:157,8,1,0
BRDA:163,9,0,0
BRDA:206,10,0,0
BRF:16
BRH:0
end_of_record
TN:
SF:components\examples\sessions-example.tsx
FN:20,SessionsListExample
FN:40,(anonymous_5)
FN:48,(anonymous_6)
FN:56,(anonymous_7)
FN:74,(anonymous_8)
FN:80,(anonymous_9)
FN:147,(anonymous_10)
FN:148,(anonymous_11)
FN:155,(anonymous_12)
FN:180,(anonymous_13)
FN:201,(anonymous_14)
FN:227,(anonymous_15)
FN:234,(anonymous_16)
FN:252,SessionsPaginationExample
FN:256,(anonymous_18)
FN:265,(anonymous_19)
FN:271,(anonymous_20)
FN:285,SessionsStatsExample
FN:294,(anonymous_22)
FNF:19
FNH:0
FNDA:0,SessionsListExample
FNDA:0,(anonymous_5)
FNDA:0,(anonymous_6)
FNDA:0,(anonymous_7)
FNDA:0,(anonymous_8)
FNDA:0,(anonymous_9)
FNDA:0,(anonymous_10)
FNDA:0,(anonymous_11)
FNDA:0,(anonymous_12)
FNDA:0,(anonymous_13)
FNDA:0,(anonymous_14)
FNDA:0,(anonymous_15)
FNDA:0,(anonymous_16)
FNDA:0,SessionsPaginationExample
FNDA:0,(anonymous_18)
FNDA:0,(anonymous_19)
FNDA:0,(anonymous_20)
FNDA:0,SessionsStatsExample
FNDA:0,(anonymous_22)
DA:3,0
DA:4,0
DA:5,0
DA:6,0
DA:7,0
DA:8,0
DA:13,0
DA:14,0
DA:15,0
DA:20,0
DA:32,0
DA:34,0
DA:35,0
DA:40,0
DA:41,0
DA:42,0
DA:44,0
DA:48,0
DA:49,0
DA:50,0
DA:52,0
DA:56,0
DA:57,0
DA:71,0
DA:74,0
DA:75,0
DA:80,0
DA:81,0
DA:82,0
DA:89,0
DA:147,0
DA:148,0
DA:155,0
DA:181,0
DA:202,0
DA:227,0
DA:234,0
DA:252,0
DA:253,0
DA:254,0
DA:256,0
DA:257,0
DA:258,0
DA:265,0
DA:271,0
DA:285,0
DA:286,0
DA:287,0
DA:294,0
DA:295,0
DA:300,0
DA:301,0
DA:305,0
LF:53
LH:0
BRDA:41,0,0,0
BRDA:41,0,1,0
BRDA:49,1,0,0
BRDA:49,1,1,0
BRDA:81,2,0,0
BRDA:89,3,0,0
BRDA:94,4,0,0
BRDA:94,4,1,0
BRDA:148,5,0,0
BRDA:148,5,1,0
BRDA:178,6,0,0
BRDA:178,6,1,0
BRDA:192,7,0,0
BRDA:192,7,1,0
BRDA:217,8,0,0
BRDA:266,9,0,0
BRDA:266,9,1,0
BRDA:272,10,0,0
BRDA:272,10,1,0
BRDA:277,11,0,0
BRDA:300,12,0,0
BRDA:305,13,0,0
BRDA:318,14,0,0
BRDA:318,14,1,0
BRDA:321,15,0,0
BRF:25
BRH:0
end_of_record
TN:
SF:components\features\ai-coach.tsx
FN:27,AICoach
FN:43,(anonymous_5)
FN:53,(anonymous_6)
FN:59,(anonymous_7)
FN:66,(anonymous_8)
FN:81,(anonymous_9)
FN:136,(anonymous_10)
FN:194,(anonymous_11)
FN:199,(anonymous_12)
FNF:9
FNH:0
FNDA:0,AICoach
FNDA:0,(anonymous_5)
FNDA:0,(anonymous_6)
FNDA:0,(anonymous_7)
FNDA:0,(anonymous_8)
FNDA:0,(anonymous_9)
FNDA:0,(anonymous_10)
FNDA:0,(anonymous_11)
FNDA:0,(anonymous_12)
DA:3,0
DA:5,0
DA:6,0
DA:13,0
DA:20,0
DA:21,0
DA:27,0
DA:34,0
DA:37,0
DA:39,0
DA:40,0
DA:43,0
DA:48,0
DA:54,0
DA:59,0
DA:60,0
DA:61,0
DA:62,0
DA:66,0
DA:67,0
DA:69,0
DA:71,0
DA:73,0
DA:75,0
DA:77,0
DA:81,0
DA:82,0
DA:84,0
DA:86,0
DA:88,0
DA:90,0
DA:92,0
DA:96,0
DA:136,0
DA:194,0
DA:200,0
DA:202,0
DA:203,0
LF:38
LH:0
BRDA:51,0,0,0
BRDA:51,0,1,0
BRDA:53,1,0,0
BRDA:53,1,1,0
BRDA:54,2,0,0
BRDA:54,2,1,0
BRDA:54,3,0,0
BRDA:54,3,1,0
BRDA:60,4,0,0
BRDA:60,5,0,0
BRDA:60,5,1,0
BRDA:67,6,0,0
BRDA:67,6,1,0
BRDA:67,6,2,0
BRDA:67,6,3,0
BRDA:67,6,4,0
BRDA:82,7,0,0
BRDA:82,7,1,0
BRDA:82,7,2,0
BRDA:82,7,3,0
BRDA:82,7,4,0
BRDA:96,8,0,0
BRDA:158,9,0,0
BRDA:180,10,0,0
BRDA:216,11,0,0
BRF:25
BRH:0
end_of_record
TN:
SF:components\features\auth\auth-dialog.tsx
FN:24,AuthDialog
FN:29,(anonymous_3)
FN:48,(anonymous_4)
FN:66,(anonymous_5)
FN:105,(anonymous_6)
FNF:5
FNH:0
FNDA:0,AuthDialog
FNDA:0,(anonymous_3)
FNDA:0,(anonymous_4)
FNDA:0,(anonymous_5)
FNDA:0,(anonymous_6)
DA:3,0
DA:4,0
DA:5,0
DA:6,0
DA:14,0
DA:15,0
DA:16,0
DA:17,0
DA:24,0
DA:25,0
DA:26,0
DA:27,0
DA:29,0
DA:30,0
DA:31,0
DA:32,0
DA:37,0
DA:40,0
DA:41,0
DA:44,0
DA:48,0
DA:49,0
DA:50,0
DA:51,0
DA:56,0
DA:58,0
DA:59,0
DA:62,0
DA:66,0
DA:67,0
DA:68,0
DA:105,0
LF:32
LH:0
BRDA:32,0,0,0
BRDA:32,0,1,0
BRDA:33,1,0,0
BRDA:33,1,1,0
BRDA:33,1,2,0
BRDA:33,1,3,0
BRDA:51,2,0,0
BRDA:51,2,1,0
BRDA:52,3,0,0
BRDA:52,3,1,0
BRDA:52,3,2,0
BRDA:52,3,3,0
BRDA:52,3,4,0
BRDA:67,4,0,0
BRDA:67,4,1,0
BRDA:77,5,0,0
BRDA:77,5,1,0
BRDA:80,6,0,0
BRDA:80,6,1,0
BRDA:88,7,0,0
BRDA:151,8,0,0
BRDA:155,9,0,0
BRF:22
BRH:0
end_of_record
TN:
SF:components\features\auth\header-auth.tsx
FN:8,AuthButton
FNF:1
FNH:0
FNDA:0,AuthButton
DA:1,0
DA:2,0
DA:3,0
DA:4,0
DA:5,0
DA:6,0
DA:8,0
DA:9,0
DA:13,0
DA:15,0
LF:10
LH:0
BRDA:15,0,0,0
BRDA:52,1,0,0
BRF:2
BRH:0
end_of_record
TN:
SF:components\features\auth\signin-dialog.tsx
FN:23,SignInDialog
FN:34,(anonymous_2)
FNF:2
FNH:0
FNDA:0,SignInDialog
FNDA:0,(anonymous_2)
DA:3,0
DA:10,0
DA:11,0
DA:12,0
DA:13,0
DA:14,0
DA:15,0
DA:23,0
DA:28,0
DA:29,0
DA:34,0
DA:35,0
DA:36,0
DA:38,0
DA:39,0
DA:41,0
DA:42,0
DA:46,0
DA:51,0
LF:19
LH:0
BRDA:41,0,0,0
BRDA:92,1,0,0
BRDA:95,2,0,0
BRDA:95,2,1,0
BRDA:105,3,0,0
BRDA:105,3,1,0
BRF:6
BRH:0
end_of_record
TN:
SF:components\features\auth\signup-dialog.tsx
FN:23,SignUpDialog
FN:34,(anonymous_2)
FNF:2
FNH:0
FNDA:0,SignUpDialog
FNDA:0,(anonymous_2)
DA:3,0
DA:10,0
DA:11,0
DA:12,0
DA:13,0
DA:14,0
DA:15,0
DA:23,0
DA:28,0
DA:29,0
DA:34,0
DA:35,0
DA:36,0
DA:38,0
DA:39,0
DA:41,0
DA:42,0
DA:44,0
DA:50,0
DA:55,0
LF:20
LH:0
BRDA:41,0,0,0
BRDA:41,0,1,0
BRDA:46,1,0,0
BRDA:46,1,1,0
BRDA:107,2,0,0
BRDA:110,3,0,0
BRDA:110,3,1,0
BRDA:120,4,0,0
BRDA:120,4,1,0
BRF:9
BRH:0
end_of_record
TN:
SF:components\features\calendar\training-detail-modal.tsx
FN:33,TrainingDetailModal
FN:43,(anonymous_2)
FN:190,(anonymous_3)
FN:206,(anonymous_4)
FNF:4
FNH:0
FNDA:0,TrainingDetailModal
FNDA:0,(anonymous_2)
FNDA:0,(anonymous_3)
FNDA:0,(anonymous_4)
DA:3,0
DA:4,0
DA:5,0
DA:12,0
DA:13,0
DA:15,0
DA:16,0
DA:24,0
DA:33,0
DA:39,0
DA:41,0
DA:43,0
DA:44,0
DA:45,0
DA:46,0
DA:191,0
DA:192,0
DA:206,0
LF:18
LH:0
BRDA:41,0,0,0
BRDA:44,1,0,0
BRDA:88,2,0,0
BRDA:112,3,0,0
BRDA:135,4,0,0
BRDA:177,5,0,0
BRDA:191,6,0,0
BRDA:191,6,1,0
BRDA:206,7,0,0
BRDA:206,7,1,0
BRDA:219,8,0,0
BRF:11
BRH:0
end_of_record
TN:
SF:components\features\clubs\club-management-simple.tsx
FN:57,ClubManagement
FN:78,(anonymous_5)
FN:82,(anonymous_6)
FN:106,(anonymous_7)
FN:134,(anonymous_8)
FN:148,(anonymous_9)
FN:160,(anonymous_10)
FN:210,(anonymous_11)
FN:218,(anonymous_12)
FN:223,(anonymous_13)
FN:224,(anonymous_14)
FN:228,(anonymous_15)
FN:244,(anonymous_16)
FN:265,(anonymous_17)
FN:289,ClubCard
FN:314,(anonymous_19)
FN:324,(anonymous_20)
FN:356,CreateClubForm
FN:366,(anonymous_22)
FN:386,(anonymous_23)
FN:403,EditClubForm
FN:416,(anonymous_25)
FNF:22
FNH:0
FNDA:0,ClubManagement
FNDA:0,(anonymous_5)
FNDA:0,(anonymous_6)
FNDA:0,(anonymous_7)
FNDA:0,(anonymous_8)
FNDA:0,(anonymous_9)
FNDA:0,(anonymous_10)
FNDA:0,(anonymous_11)
FNDA:0,(anonymous_12)
FNDA:0,(anonymous_13)
FNDA:0,(anonymous_14)
FNDA:0,(anonymous_15)
FNDA:0,(anonymous_16)
FNDA:0,(anonymous_17)
FNDA:0,ClubCard
FNDA:0,(anonymous_19)
FNDA:0,(anonymous_20)
FNDA:0,CreateClubForm
FNDA:0,(anonymous_22)
FNDA:0,(anonymous_23)
FNDA:0,EditClubForm
FNDA:0,(anonymous_25)
DA:8,0
DA:9,0
DA:10,0
DA:19,0
DA:20,0
DA:21,0
DA:22,0
DA:23,0
DA:25,0
DA:33,0
DA:34,0
DA:35,0
DA:36,0
DA:42,0
DA:46,0
DA:57,0
DA:68,0
DA:70,0
DA:72,0
DA:73,0
DA:74,0
DA:75,0
DA:78,0
DA:79,0
DA:82,0
DA:83,0
DA:84,0
DA:96,0
DA:97,0
DA:99,0
DA:102,0
DA:106,0
DA:107,0
DA:109,0
DA:110,0
DA:123,0
DA:124,0
DA:125,0
DA:127,0
DA:130,0
DA:134,0
DA:135,0
DA:136,0
DA:137,0
DA:138,0
DA:140,0
DA:143,0
DA:148,0
DA:149,0
DA:152,0
DA:161,0
DA:210,0
DA:219,0
DA:223,0
DA:225,0
DA:226,0
DA:228,0
DA:244,0
DA:266,0
DA:267,0
DA:315,0
DA:316,0
DA:325,0
DA:326,0
DA:362,0
DA:366,0
DA:367,0
DA:368,0
DA:386,0
DA:408,0
DA:416,0
DA:417,0
LF:72
LH:0
BRDA:96,0,0,0
BRDA:107,1,0,0
BRDA:123,2,0,0
BRDA:135,3,0,0
BRDA:138,4,0,0
BRDA:152,5,0,0
BRDA:198,6,0,0
BRDA:217,7,0,0
BRDA:236,8,0,0
BRDA:236,8,1,0
BRDA:239,9,0,0
BRDA:239,9,1,0
BRDA:243,10,0,0
BRDA:261,11,0,0
BRDA:293,12,0,0
BRDA:293,12,1,0
BRDA:380,13,0,0
BRDA:390,14,0,0
BRDA:390,14,1,0
BRDA:429,15,0,0
BRDA:439,16,0,0
BRDA:439,16,1,0
BRF:22
BRH:0
end_of_record
TN:
SF:components\features\clubs\club-management.tsx
FN:63,ClubManagement
FN:83,(anonymous_2)
FN:88,(anonymous_3)
FN:93,(anonymous_4)
FN:100,(anonymous_5)
FN:108,(anonymous_6)
FN:117,(anonymous_7)
FN:178,(anonymous_8)
FN:185,(anonymous_9)
FN:190,(anonymous_10)
FN:191,(anonymous_11)
FN:192,(anonymous_12)
FN:210,(anonymous_13)
FN:231,(anonymous_14)
FN:255,ClubCard
FN:281,(anonymous_16)
FN:291,(anonymous_17)
FN:357,CreateClubForm
FN:367,(anonymous_19)
FN:477,EditClubForm
FN:497,(anonymous_21)
FN:607,ClubManagementSkeleton
FN:621,(anonymous_23)
FNF:23
FNH:0
FNDA:0,ClubManagement
FNDA:0,(anonymous_2)
FNDA:0,(anonymous_3)
FNDA:0,(anonymous_4)
FNDA:0,(anonymous_5)
FNDA:0,(anonymous_6)
FNDA:0,(anonymous_7)
FNDA:0,(anonymous_8)
FNDA:0,(anonymous_9)
FNDA:0,(anonymous_10)
FNDA:0,(anonymous_11)
FNDA:0,(anonymous_12)
FNDA:0,(anonymous_13)
FNDA:0,(anonymous_14)
FNDA:0,ClubCard
FNDA:0,(anonymous_16)
FNDA:0,(anonymous_17)
FNDA:0,CreateClubForm
FNDA:0,(anonymous_19)
FNDA:0,EditClubForm
FNDA:0,(anonymous_21)
FNDA:0,ClubManagementSkeleton
FNDA:0,(anonymous_23)
DA:8,0
DA:9,0
DA:10,0
DA:19,0
DA:20,0
DA:21,0
DA:22,0
DA:23,0
DA:24,0
DA:26,0
DA:39,0
DA:40,0
DA:41,0
DA:42,0
DA:48,0
DA:52,0
DA:63,0
DA:75,0
DA:77,0
DA:78,0
DA:79,0
DA:80,0
DA:83,0
DA:84,0
DA:88,0
DA:89,0
DA:93,0
DA:94,0
DA:95,0
DA:96,0
DA:100,0
DA:101,0
DA:102,0
DA:103,0
DA:104,0
DA:108,0
DA:109,0
DA:110,0
DA:111,0
DA:112,0
DA:117,0
DA:118,0
DA:119,0
DA:122,0
DA:123,0
DA:178,0
DA:186,0
DA:190,0
DA:191,0
DA:192,0
DA:210,0
DA:232,0
DA:233,0
DA:282,0
DA:283,0
DA:292,0
DA:293,0
DA:363,0
DA:367,0
DA:368,0
DA:369,0
DA:482,0
DA:497,0
DA:498,0
DA:622,0
LF:65
LH:0
BRDA:89,0,0,0
BRDA:89,0,1,0
BRDA:95,1,0,0
BRDA:102,2,0,0
BRDA:109,3,0,0
BRDA:111,4,0,0
BRDA:111,5,0,0
BRDA:111,5,1,0
BRDA:122,6,0,0
BRDA:122,7,0,0
BRDA:122,7,1,0
BRDA:156,8,0,0
BRDA:198,9,0,0
BRDA:198,9,1,0
BRDA:202,10,0,0
BRDA:202,10,1,0
BRDA:205,11,0,0
BRDA:205,11,1,0
BRDA:209,12,0,0
BRDA:227,13,0,0
BRDA:259,14,0,0
BRDA:259,14,1,0
BRDA:302,15,0,0
BRDA:320,16,0,0
BRDA:327,17,0,0
BRDA:327,17,1,0
BRDA:329,18,0,0
BRDA:335,19,0,0
BRDA:382,20,0,0
BRDA:394,21,0,0
BRDA:407,22,0,0
BRDA:428,23,0,0
BRDA:464,24,0,0
BRDA:464,24,1,0
BRDA:487,25,0,0
BRDA:487,25,1,0
BRDA:489,26,0,0
BRDA:489,26,1,0
BRDA:490,27,0,0
BRDA:490,27,1,0
BRDA:491,28,0,0
BRDA:491,28,1,0
BRDA:492,29,0,0
BRDA:492,29,1,0
BRDA:493,30,0,0
BRDA:493,30,1,0
BRDA:511,31,0,0
BRDA:523,32,0,0
BRDA:536,33,0,0
BRDA:557,34,0,0
BRDA:596,35,0,0
BRDA:596,35,1,0
BRF:52
BRH:0
end_of_record
TN:
SF:components\features\coach-resources\coach-resources-overview.tsx
FN:11,CoachResourcesOverview
FNF:1
FNH:0
FNDA:0,CoachResourcesOverview
DA:3,0
DA:9,0
DA:11,0
LF:3
LH:0
BRF:0
BRH:0
end_of_record
TN:
SF:components\features\dashboard\charts-section.tsx
FN:7,(anonymous_4)
FN:7,(anonymous_5)
FN:8,(anonymous_6)
FN:8,(anonymous_7)
FN:11,ChartSkeleton
FN:20,ChartsSection
FNF:6
FNH:0
FNDA:0,(anonymous_4)
FNDA:0,(anonymous_5)
FNDA:0,(anonymous_6)
FNDA:0,(anonymous_7)
FNDA:0,ChartSkeleton
FNDA:0,ChartsSection
DA:3,0
DA:4,0
DA:7,0
DA:8,0
DA:20,0
LF:5
LH:0
BRF:0
BRH:0
end_of_record
TN:
SF:components\features\dashboard\dashboard-calendar.tsx
FN:33,DashboardCalendar
FN:55,(anonymous_5)
FN:60,(anonymous_6)
FN:85,(anonymous_7)
FN:86,(anonymous_8)
FN:107,(anonymous_9)
FN:143,(anonymous_10)
FN:167,(anonymous_11)
FN:168,(anonymous_12)
FN:179,(anonymous_13)
FN:184,(anonymous_14)
FN:189,(anonymous_15)
FN:194,(anonymous_16)
FN:201,(anonymous_17)
FN:205,(anonymous_18)
FN:210,(anonymous_19)
FN:214,(anonymous_20)
FN:219,(anonymous_21)
FN:223,(anonymous_22)
FN:226,(anonymous_23)
FN:248,(anonymous_24)
FN:258,(anonymous_25)
FN:285,(anonymous_26)
FN:300,(anonymous_27)
FN:311,(anonymous_28)
FN:323,(anonymous_29)
FN:327,(anonymous_30)
FN:340,(anonymous_31)
FN:356,(anonymous_32)
FN:373,(anonymous_33)
FN:389,(anonymous_34)
FN:498,(anonymous_35)
FN:501,(anonymous_36)
FN:557,(anonymous_37)
FN:607,(anonymous_38)
FNF:35
FNH:0
FNDA:0,DashboardCalendar
FNDA:0,(anonymous_5)
FNDA:0,(anonymous_6)
FNDA:0,(anonymous_7)
FNDA:0,(anonymous_8)
FNDA:0,(anonymous_9)
FNDA:0,(anonymous_10)
FNDA:0,(anonymous_11)
FNDA:0,(anonymous_12)
FNDA:0,(anonymous_13)
FNDA:0,(anonymous_14)
FNDA:0,(anonymous_15)
FNDA:0,(anonymous_16)
FNDA:0,(anonymous_17)
FNDA:0,(anonymous_18)
FNDA:0,(anonymous_19)
FNDA:0,(anonymous_20)
FNDA:0,(anonymous_21)
FNDA:0,(anonymous_22)
FNDA:0,(anonymous_23)
FNDA:0,(anonymous_24)
FNDA:0,(anonymous_25)
FNDA:0,(anonymous_26)
FNDA:0,(anonymous_27)
FNDA:0,(anonymous_28)
FNDA:0,(anonymous_29)
FNDA:0,(anonymous_30)
FNDA:0,(anonymous_31)
FNDA:0,(anonymous_32)
FNDA:0,(anonymous_33)
FNDA:0,(anonymous_34)
FNDA:0,(anonymous_35)
FNDA:0,(anonymous_36)
FNDA:0,(anonymous_37)
FNDA:0,(anonymous_38)
DA:3,0
DA:4,0
DA:5,0
DA:12,0
DA:19,0
DA:20,0
DA:21,0
DA:29,0
DA:30,0
DA:33,0
DA:35,0
DA:36,0
DA:37,0
DA:42,0
DA:43,0
DA:44,0
DA:45,0
DA:49,0
DA:52,0
DA:55,0
DA:56,0
DA:60,0
DA:61,0
DA:67,0
DA:82,0
DA:85,0
DA:86,0
DA:87,0
DA:88,0
DA:89,0
DA:91,0
DA:92,0
DA:98,0
DA:101,0
DA:102,0
DA:103,0
DA:106,0
DA:108,0
DA:109,0
DA:110,0
DA:113,0
DA:122,0
DA:143,0
DA:144,0
DA:145,0
DA:148,0
DA:149,0
DA:152,0
DA:155,0
DA:156,0
DA:160,0
DA:161,0
DA:164,0
DA:167,0
DA:168,0
DA:169,0
DA:170,0
DA:171,0
DA:173,0
DA:175,0
DA:179,0
DA:180,0
DA:181,0
DA:184,0
DA:185,0
DA:186,0
DA:189,0
DA:190,0
DA:191,0
DA:194,0
DA:196,0
DA:198,0
DA:201,0
DA:202,0
DA:204,0
DA:205,0
DA:207,0
DA:210,0
DA:211,0
DA:213,0
DA:214,0
DA:216,0
DA:219,0
DA:220,0
DA:222,0
DA:223,0
DA:226,0
DA:229,0
DA:230,0
DA:231,0
DA:234,0
DA:249,0
DA:259,0
DA:285,0
DA:300,0
DA:312,0
DA:326,0
DA:328,0
DA:331,0
DA:339,0
DA:341,0
DA:344,0
DA:349,0
DA:353,0
DA:356,0
DA:374,0
DA:390,0
DA:499,0
[...]
DA:123,0
DA:124,0
DA:125,0
DA:128,0
DA:129,0
DA:133,0
DA:134,0
DA:135,0
DA:140,0
DA:141,0
DA:145,0
DA:146,0
DA:151,0
DA:178,0
DA:180,0
DA:185,0
DA:188,0
DA:195,0
DA:197,0
DA:204,0
DA:206,0
DA:212,0
DA:213,0
DA:216,0
DA:217,0
DA:221,0
DA:222,0
DA:223,0
DA:229,0
DA:230,0
DA:231,0
DA:234,0
DA:236,0
DA:241,0
DA:281,0
DA:341,0
DA:342,0
DA:343,0
DA:344,0
DA:346,0
DA:347,0
DA:348,0
DA:349,0
DA:352,0
DA:353,0
DA:355,0
DA:356,0
DA:357,0
DA:359,0
DA:360,0
DA:361,0
DA:363,0
DA:364,0
DA:365,0
DA:367,0
DA:423,0
DA:425,0
DA:427,0
DA:441,0
DA:444,0
DA:451,0
DA:453,0
DA:460,0
DA:461,0
DA:466,0
DA:469,0
DA:472,0
DA:473,0
DA:477,0
DA:490,0
DA:491,0
DA:494,0
DA:495,0
DA:498,0
DA:499,0
DA:500,0
DA:502,0
DA:505,0
DA:506,0
DA:507,0
DA:509,0
DA:510,0
DA:514,0
DA:515,0
DA:516,0
DA:518,0
DA:522,0
DA:523,0
DA:527,0
DA:528,0
DA:529,0
DA:530,0
DA:533,0
DA:537,0
DA:539,0
DA:540,0
DA:542,0
DA:544,0
DA:545,0
DA:546,0
DA:549,0
DA:553,0
DA:558,0
DA:603,0
DA:605,0
DA:614,0
DA:618,0
DA:624,0
DA:631,0
DA:633,0
DA:640,0
DA:641,0
DA:646,0
DA:647,0
DA:650,0
DA:651,0
DA:652,0
DA:654,0
DA:655,0
DA:657,0
DA:660,0
DA:665,0
DA:666,0
DA:669,0
DA:686,0
DA:690,0
DA:692,0
DA:693,0
DA:706,0
DA:710,0
DA:723,0
DA:726,0
DA:727,0
DA:730,0
DA:731,0
DA:735,0
DA:736,0
DA:741,0
DA:760,0
DA:763,0
DA:764,0
DA:778,0
DA:782,0
DA:796,0
DA:808,0
DA:834,0
DA:836,0
DA:843,0
DA:849,0
DA:856,0
DA:858,0
DA:865,0
DA:866,0
DA:874,0
DA:875,0
DA:876,0
DA:880,0
DA:886,0
DA:887,0
DA:890,0
DA:891,0
DA:895,0
DA:896,0
DA:897,0
DA:903,0
DA:935,0
DA:937,0
DA:942,0
DA:943,0
DA:947,0
DA:948,0
DA:954,0
DA:955,0
DA:959,0
DA:963,0
LF:192
LH:0
BRDA:110,0,0,0
BRDA:110,0,1,0
BRDA:135,1,0,0
BRDA:135,1,1,0
BRDA:197,2,0,0
BRDA:197,2,1,0
BRDA:223,3,0,0
BRDA:223,3,1,0
BRDA:234,4,0,0
BRDA:234,4,1,0
BRDA:453,5,0,0
BRDA:453,5,1,0
BRDA:472,6,0,0
BRDA:499,7,0,0
BRDA:499,7,1,0
BRDA:500,8,0,0
BRDA:500,8,1,0
BRDA:502,9,0,0
BRDA:506,10,0,0
BRDA:506,10,1,0
BRDA:509,11,0,0
BRDA:515,12,0,0
BRDA:515,12,1,0
BRDA:518,13,0,0
BRDA:518,13,1,0
BRDA:523,14,0,0
BRDA:523,14,1,0
BRDA:530,15,0,0
BRDA:530,15,1,0
BRDA:537,16,0,0
BRDA:542,17,0,0
BRDA:542,18,0,0
BRDA:542,18,1,0
BRDA:633,19,0,0
BRDA:633,19,1,0
BRDA:654,20,0,0
BRDA:666,21,0,0
BRDA:692,22,0,0
BRDA:692,23,0,0
BRDA:692,23,1,0
BRDA:706,24,0,0
BRDA:707,25,0,0
BRDA:707,25,1,0
BRDA:763,26,0,0
BRDA:778,27,0,0
BRDA:779,28,0,0
BRDA:779,28,1,0
BRDA:858,29,0,0
BRDA:858,29,1,0
BRDA:868,30,0,0
BRDA:868,30,1,0
BRDA:876,31,0,0
BRDA:876,31,1,0
BRDA:894,32,0,0
BRF:54
BRH:0
end_of_record
TN:
SF:lib\store\normalized\competitions.ts
FN:65,normalizeCompetitions
FN:87,(anonymous_4)
FN:110,denormalizeCompetitions
FN:113,(anonymous_6)
FN:121,(anonymous_7)
FN:146,(anonymous_8)
FN:155,(anonymous_9)
FN:156,(anonymous_10)
FN:169,(anonymous_11)
FN:170,(anonymous_12)
FN:177,(anonymous_13)
FN:187,(anonymous_14)
FN:188,(anonymous_15)
FN:191,(anonymous_16)
FN:201,(anonymous_17)
FN:202,(anonymous_18)
FN:203,(anonymous_19)
FN:232,(anonymous_20)
FN:237,(anonymous_21)
FN:242,(anonymous_22)
FN:245,(anonymous_23)
FN:246,(anonymous_24)
FN:249,(anonymous_25)
FN:252,(anonymous_26)
FN:253,(anonymous_27)
FN:256,(anonymous_28)
FN:259,(anonymous_29)
FN:260,(anonymous_30)
FN:263,(anonymous_31)
FN:266,(anonymous_32)
FN:270,(anonymous_33)
FN:272,(anonymous_34)
FN:275,(anonymous_35)
FN:278,(anonymous_36)
FN:279,(anonymous_37)
FN:280,(anonymous_38)
FN:285,(anonymous_39)
FN:288,(anonymous_40)
FN:291,(anonymous_41)
FN:295,(anonymous_42)
FN:302,(anonymous_43)
FN:315,(anonymous_44)
FN:322,(anonymous_45)
FN:326,(anonymous_46)
FN:333,(anonymous_47)
FN:337,(anonymous_48)
FN:338,(anonymous_49)
FN:342,(anonymous_50)
FN:343,(anonymous_51)
FN:347,(anonymous_52)
FNF:50
FNH:0
FNDA:0,normalizeCompetitions
FNDA:0,(anonymous_4)
FNDA:0,denormalizeCompetitions
FNDA:0,(anonymous_6)
FNDA:0,(anonymous_7)
FNDA:0,(anonymous_8)
FNDA:0,(anonymous_9)
FNDA:0,(anonymous_10)
FNDA:0,(anonymous_11)
FNDA:0,(anonymous_12)
FNDA:0,(anonymous_13)
FNDA:0,(anonymous_14)
FNDA:0,(anonymous_15)
FNDA:0,(anonymous_16)
FNDA:0,(anonymous_17)
FNDA:0,(anonymous_18)
FNDA:0,(anonymous_19)
FNDA:0,(anonymous_20)
FNDA:0,(anonymous_21)
FNDA:0,(anonymous_22)
FNDA:0,(anonymous_23)
FNDA:0,(anonymous_24)
FNDA:0,(anonymous_25)
FNDA:0,(anonymous_26)
FNDA:0,(anonymous_27)
FNDA:0,(anonymous_28)
FNDA:0,(anonymous_29)
FNDA:0,(anonymous_30)
FNDA:0,(anonymous_31)
FNDA:0,(anonymous_32)
FNDA:0,(anonymous_33)
FNDA:0,(anonymous_34)
FNDA:0,(anonymous_35)
FNDA:0,(anonymous_36)
FNDA:0,(anonymous_37)
FNDA:0,(anonymous_38)
FNDA:0,(anonymous_39)
FNDA:0,(anonymous_40)
FNDA:0,(anonymous_41)
FNDA:0,(anonymous_42)
FNDA:0,(anonymous_43)
FNDA:0,(anonymous_44)
FNDA:0,(anonymous_45)
FNDA:0,(anonymous_46)
FNDA:0,(anonymous_47)
FNDA:0,(anonymous_48)
FNDA:0,(anonymous_49)
FNDA:0,(anonymous_50)
FNDA:0,(anonymous_51)
FNDA:0,(anonymous_52)
DA:2,0
DA:3,0
DA:68,0
DA:69,0
DA:70,0
DA:75,0
DA:80,0
DA:87,0
DA:88,0
DA:89,0
DA:92,0
DA:95,0
DA:98,0
DA:101,0
DA:113,0
DA:119,0
DA:121,0
DA:147,0
DA:148,0
DA:156,0
DA:157,0
DA:161,0
DA:162,0
DA:170,0
DA:171,0
DA:172,0
DA:174,0
DA:175,0
DA:177,0
DA:178,0
DA:180,0
DA:188,0
DA:189,0
DA:191,0
DA:192,0
DA:194,0
DA:201,0
DA:202,0
DA:204,0
DA:233,0
DA:234,0
DA:238,0
DA:239,0
DA:243,0
DA:244,0
DA:245,0
DA:246,0
DA:250,0
DA:251,0
DA:252,0
DA:253,0
DA:257,0
DA:258,0
DA:259,0
DA:260,0
DA:264,0
DA:265,0
DA:266,0
DA:271,0
DA:272,0
DA:276,0
DA:277,0
DA:278,0
DA:279,0
DA:280,0
DA:282,0
DA:286,0
DA:287,0
DA:288,0
DA:292,0
DA:293,0
DA:294,0
DA:296,0
DA:302,0
DA:313,0
DA:316,0
DA:317,0
DA:318,0
DA:320,0
DA:322,0
DA:327,0
DA:328,0
DA:329,0
DA:331,0
DA:333,0
DA:338,0
DA:343,0
DA:348,0
DA:349,0
DA:350,0
DA:351,0
DA:353,0
LF:92
LH:0
BRDA:172,0,0,0
BRDA:177,1,0,0
BRDA:177,1,1,0
BRDA:234,2,0,0
BRDA:234,2,1,0
BRDA:282,3,0,0
BRDA:282,3,1,0
BRDA:296,4,0,0
BRDA:296,4,1,0
BRF:9
BRH:0
end_of_record
TN:
SF:lib\store\normalized\sessions.ts
FN:47,normalizeSessions
FN:54,(anonymous_4)
FN:88,denormalizeSessions
FN:89,(anonymous_6)
FN:97,(anonymous_7)
FN:109,(anonymous_8)
FN:118,(anonymous_9)
FN:119,(anonymous_10)
FN:129,(anonymous_11)
FN:130,(anonymous_12)
FN:135,(anonymous_13)
FN:147,(anonymous_14)
FN:148,(anonymous_15)
FN:150,(anonymous_16)
FN:161,(anonymous_17)
FN:162,(anonymous_18)
FN:163,(anonymous_19)
FN:179,(anonymous_20)
FN:184,(anonymous_21)
FN:187,(anonymous_22)
FN:190,(anonymous_23)
FN:193,(anonymous_24)
FN:196,(anonymous_25)
FN:199,(anonymous_26)
FN:202,(anonymous_27)
FN:206,(anonymous_28)
FN:210,(anonymous_29)
FN:215,(anonymous_30)
FN:219,(anonymous_31)
FN:224,(anonymous_32)
FN:228,(anonymous_33)
FN:233,(anonymous_34)
FN:239,(anonymous_35)
FN:247,(anonymous_36)
FN:260,(anonymous_37)
FN:276,(anonymous_38)
FN:288,(anonymous_39)
FNF:37
FNH:0
FNDA:0,normalizeSessions
FNDA:0,(anonymous_4)
FNDA:0,denormalizeSessions
FNDA:0,(anonymous_6)
FNDA:0,(anonymous_7)
FNDA:0,(anonymous_8)
FNDA:0,(anonymous_9)
FNDA:0,(anonymous_10)
FNDA:0,(anonymous_11)
FNDA:0,(anonymous_12)
FNDA:0,(anonymous_13)
FNDA:0,(anonymous_14)
FNDA:0,(anonymous_15)
FNDA:0,(anonymous_16)
FNDA:0,(anonymous_17)
FNDA:0,(anonymous_18)
FNDA:0,(anonymous_19)
FNDA:0,(anonymous_20)
FNDA:0,(anonymous_21)
FNDA:0,(anonymous_22)
FNDA:0,(anonymous_23)
FNDA:0,(anonymous_24)
FNDA:0,(anonymous_25)
FNDA:0,(anonymous_26)
FNDA:0,(anonymous_27)
FNDA:0,(anonymous_28)
FNDA:0,(anonymous_29)
FNDA:0,(anonymous_30)
FNDA:0,(anonymous_31)
FNDA:0,(anonymous_32)
FNDA:0,(anonymous_33)
FNDA:0,(anonymous_34)
FNDA:0,(anonymous_35)
FNDA:0,(anonymous_36)
FNDA:0,(anonymous_37)
FNDA:0,(anonymous_38)
FNDA:0,(anonymous_39)
DA:2,0
DA:3,0
DA:48,0
DA:49,0
DA:50,0
DA:51,0
DA:52,0
DA:54,0
DA:55,0
DA:56,0
DA:59,0
DA:60,0
DA:62,0
DA:65,0
DA:66,0
DA:68,0
DA:71,0
DA:72,0
DA:73,0
DA:75,0
DA:79,0
DA:89,0
DA:95,0
DA:97,0
DA:110,0
DA:111,0
DA:119,0
DA:120,0
DA:121,0
DA:122,0
DA:130,0
DA:131,0
DA:132,0
DA:134,0
DA:135,0
DA:136,0
DA:138,0
DA:140,0
DA:148,0
DA:149,0
DA:150,0
DA:152,0
DA:154,0
DA:161,0
DA:162,0
DA:164,0
DA:180,0
DA:181,0
DA:185,0
DA:186,0
DA:187,0
DA:191,0
DA:192,0
DA:193,0
DA:197,0
DA:198,0
DA:199,0
DA:203,0
DA:204,0
DA:205,0
DA:206,0
DA:211,0
DA:212,0
DA:216,0
DA:217,0
DA:218,0
DA:219,0
DA:225,0
DA:226,0
DA:227,0
DA:228,0
DA:234,0
DA:235,0
DA:236,0
DA:238,0
DA:239,0
DA:242,0
DA:247,0
DA:258,0
DA:261,0
DA:262,0
DA:265,0
DA:269,0
DA:270,0
DA:272,0
DA:277,0
DA:278,0
DA:279,0
DA:281,0
DA:282,0
DA:284,0
DA:289,0
DA:291,0
DA:292,0
DA:302,0
DA:303,0
DA:304,0
DA:306,0
LF:98
LH:0
BRDA:59,0,0,0
BRDA:65,1,0,0
BRDA:71,2,0,0
BRDA:72,3,0,0
BRDA:132,4,0,0
BRDA:136,5,0,0
BRDA:136,5,1,0
BRDA:181,6,0,0
BRDA:181,6,1,0
BRDA:186,7,0,0
BRDA:186,7,1,0
BRDA:192,8,0,0
BRDA:192,8,1,0
BRDA:198,9,0,0
BRDA:198,9,1,0
BRDA:206,10,0,0
BRDA:206,10,1,0
BRDA:236,11,0,0
BRDA:291,12,0,0
BRF:19
BRH:0
end_of_record
TN:
SF:lib\store\normalized\training-phases.ts
FN:53,normalizePhases
FN:69,(anonymous_4)
FN:94,denormalizePhases
FN:95,(anonymous_6)
FN:103,(anonymous_7)
FN:122,(anonymous_8)
FN:131,(anonymous_9)
FN:132,(anonymous_10)
FN:142,(anonymous_11)
FN:143,(anonymous_12)
FN:148,(anonymous_13)
FN:160,(anonymous_14)
FN:161,(anonymous_15)
FN:163,(anonymous_16)
FN:174,(anonymous_17)
FN:175,(anonymous_18)
FN:176,(anonymous_19)
FN:199,(anonymous_20)
FN:204,(anonymous_21)
FN:209,(anonymous_22)
FN:211,(anonymous_23)
FN:214,(anonymous_24)
FN:216,(anonymous_25)
FN:219,(anonymous_26)
FN:221,(anonymous_27)
FN:224,(anonymous_28)
FN:226,(anonymous_29)
FN:229,(anonymous_30)
FN:231,(anonymous_31)
FN:237,(anonymous_32)
FN:250,(anonymous_33)
FN:256,(anonymous_34)
FN:266,(anonymous_35)
FN:279,(anonymous_36)
FN:287,(anonymous_37)
FN:294,(anonymous_38)
FN:302,(anonymous_39)
FN:310,(anonymous_40)
FNF:38
FNH:0
FNDA:0,normalizePhases
FNDA:0,(anonymous_4)
FNDA:0,denormalizePhases
FNDA:0,(anonymous_6)
FNDA:0,(anonymous_7)
FNDA:0,(anonymous_8)
FNDA:0,(anonymous_9)
FNDA:0,(anonymous_10)
FNDA:0,(anonymous_11)
FNDA:0,(anonymous_12)
FNDA:0,(anonymous_13)
FNDA:0,(anonymous_14)
FNDA:0,(anonymous_15)
FNDA:0,(anonymous_16)
FNDA:0,(anonymous_17)
FNDA:0,(anonymous_18)
FNDA:0,(anonymous_19)
FNDA:0,(anonymous_20)
FNDA:0,(anonymous_21)
FNDA:0,(anonymous_22)
FNDA:0,(anonymous_23)
FNDA:0,(anonymous_24)
FNDA:0,(anonymous_25)
FNDA:0,(anonymous_26)
FNDA:0,(anonymous_27)
FNDA:0,(anonymous_28)
FNDA:0,(anonymous_29)
FNDA:0,(anonymous_30)
FNDA:0,(anonymous_31)
FNDA:0,(anonymous_32)
FNDA:0,(anonymous_33)
FNDA:0,(anonymous_34)
FNDA:0,(anonymous_35)
FNDA:0,(anonymous_36)
FNDA:0,(anonymous_37)
FNDA:0,(anonymous_38)
FNDA:0,(anonymous_39)
FNDA:0,(anonymous_40)
DA:2,0
DA:3,0
DA:54,0
DA:55,0
DA:56,0
DA:61,0
DA:67,0
DA:69,0
DA:70,0
DA:71,0
DA:74,0
DA:75,0
DA:76,0
DA:77,0
DA:78,0
DA:79,0
DA:83,0
DA:86,0
DA:95,0
DA:101,0
DA:103,0
DA:123,0
DA:124,0
DA:132,0
DA:133,0
DA:134,0
DA:135,0
DA:143,0
DA:144,0
DA:145,0
DA:147,0
DA:148,0
DA:149,0
DA:151,0
DA:153,0
DA:161,0
DA:162,0
DA:163,0
DA:165,0
DA:167,0
DA:174,0
DA:175,0
DA:177,0
DA:200,0
DA:201,0
DA:205,0
DA:206,0
DA:210,0
DA:211,0
DA:215,0
DA:216,0
DA:220,0
DA:221,0
DA:225,0
DA:226,0
DA:230,0
DA:231,0
DA:233,0
DA:236,0
DA:238,0
DA:240,0
DA:241,0
DA:242,0
DA:244,0
DA:251,0
DA:252,0
DA:254,0
DA:257,0
DA:266,0
DA:277,0
DA:280,0
DA:281,0
DA:282,0
DA:284,0
DA:288,0
DA:295,0
DA:296,0
DA:297,0
DA:299,0
DA:303,0
DA:311,0
DA:312,0
DA:313,0
DA:315,0
LF:84
LH:0
BRDA:74,0,0,0
BRDA:74,0,1,0
BRDA:76,1,0,0
BRDA:76,1,1,0
BRDA:78,2,0,0
BRDA:145,3,0,0
BRDA:149,4,0,0
BRDA:149,4,1,0
BRDA:201,5,0,0
BRDA:201,5,1,0
BRDA:233,6,0,0
BRDA:238,7,0,0
BRDA:244,8,0,0
BRDA:244,8,1,0
BRDA:255,9,0,0
BRDA:255,9,1,0
BRDA:257,10,0,0
BRDA:257,10,1,0
BRDA:257,10,2,0
BRDA:288,11,0,0
BRDA:288,11,1,0
BRDA:303,12,0,0
BRDA:303,12,1,0
BRDA:303,12,2,0
BRF:24
BRH:0
end_of_record
TN:
SF:lib\types\chart.ts
FN:205,createLineChartConfig
FN:228,createBarChartConfig
FN:248,createPieChartConfig
FNF:3
FNH:0
FNDA:0,createLineChartConfig
FNDA:0,createBarChartConfig
FNDA:0,createPieChartConfig
DA:115,0
DA:205,0
DA:209,0
DA:228,0
DA:232,0
DA:248,0
DA:252,0
LF:7
LH:0
BRF:0
BRH:0
end_of_record
TN:
SF:lib\types\index.ts
FNF:0
FNH:0
DA:10,0
DA:11,0
LF:2
LH:0
BRF:0
BRH:0
end_of_record
TN:
SF:lib\utils\pdf-export.ts
FN:26,(anonymous_5)
FN:33,(anonymous_6)
FN:71,(anonymous_7)
FN:93,(anonymous_8)
FN:143,(anonymous_9)
FN:158,(anonymous_10)
FN:172,(anonymous_11)
FN:232,(anonymous_12)
FN:238,(anonymous_13)
FN:256,(anonymous_14)
FN:291,exportTrainingToPDF
FN:299,exportMultipleTrainingsToPDF
FNF:12
FNH:0
FNDA:0,(anonymous_5)
FNDA:0,(anonymous_6)
FNDA:0,(anonymous_7)
FNDA:0,(anonymous_8)
FNDA:0,(anonymous_9)
FNDA:0,(anonymous_10)
FNDA:0,(anonymous_11)
FNDA:0,(anonymous_12)
FNDA:0,(anonymous_13)
FNDA:0,(anonymous_14)
FNDA:0,exportTrainingToPDF
FNDA:0,exportMultipleTrainingsToPDF
DA:1,0
DA:23,0
DA:27,0
DA:34,0
DA:37,0
DA:38,0
DA:39,0
DA:40,0
DA:43,0
DA:52,0
DA:55,0
DA:58,0
DA:61,0
DA:64,0
DA:67,0
DA:68,0
DA:72,0
DA:75,0
DA:76,0
DA:77,0
DA:80,0
DA:81,0
DA:82,0
DA:85,0
DA:86,0
DA:89,0
DA:90,0
DA:94,0
DA:95,0
DA:97,0
DA:98,0
DA:99,0
DA:100,0
DA:102,0
DA:103,0
DA:106,0
DA:107,0
DA:110,0
DA:111,0
DA:112,0
DA:114,0
DA:115,0
DA:116,0
DA:118,0
DA:119,0
DA:120,0
DA:124,0
DA:125,0
DA:126,0
DA:127,0
DA:129,0
DA:130,0
DA:131,0
DA:133,0
DA:134,0
DA:135,0
DA:139,0
DA:140,0
DA:144,0
DA:145,0
DA:147,0
DA:148,0
DA:149,0
DA:150,0
DA:152,0
DA:153,0
DA:156,0
DA:158,0
DA:159,0
DA:160,0
DA:161,0
DA:163,0
DA:164,0
DA:168,0
DA:169,0
DA:173,0
DA:174,0
DA:176,0
DA:177,0
DA:178,0
DA:179,0
DA:182,0
DA:183,0
DA:184,0
DA:187,0
DA:188,0
DA:191,0
DA:192,0
DA:193,0
DA:194,0
DA:197,0
DA:198,0
DA:201,0
DA:202,0
DA:205,0
DA:208,0
DA:209,0
DA:210,0
DA:212,0
DA:213,0
DA:214,0
DA:217,0
DA:218,0
DA:221,0
DA:222,0
DA:225,0
DA:226,0
DA:229,0
DA:232,0
DA:233,0
DA:234,0
DA:235,0
DA:239,0
DA:242,0
DA:243,0
DA:246,0
DA:247,0
DA:248,0
DA:249,0
DA:250,0
DA:257,0
DA:259,0
DA:260,0
DA:261,0
DA:264,0
DA:265,0
DA:266,0
DA:267,0
DA:268,0
DA:270,0
DA:271,0
DA:272,0
DA:273,0
DA:280,0
DA:283,0
DA:284,0
DA:291,0
DA:292,0
DA:293,0
DA:299,0
DA:300,0
DA:301,0
LF:142
LH:0
BRDA:110,0,0,0
BRDA:114,1,0,0
BRDA:118,2,0,0
BRDA:125,3,0,0
BRDA:129,4,0,0
BRDA:133,5,0,0
BRDA:159,6,0,0
BRDA:260,7,0,0
BRF:8
BRH:0
end_of_record
TN:
SF:lib\utils\reports-pdf-export.ts
FN:70,(anonymous_4)
FN:82,(anonymous_5)
FN:113,(anonymous_6)
FN:167,(anonymous_7)
FN:188,(anonymous_8)
FN:204,(anonymous_9)
FN:223,(anonymous_10)
FN:272,(anonymous_11)
FN:292,(anonymous_12)
FN:294,(anonymous_13)
FN:330,(anonymous_14)
FN:340,(anonymous_15)
FN:376,(anonymous_16)
FN:386,(anonymous_17)
FN:413,(anonymous_18)
FN:427,(anonymous_19)
FN:445,(anonymous_20)
FN:455,(anonymous_21)
FN:473,(anonymous_22)
FN:490,(anonymous_23)
FN:492,(anonymous_24)
FN:504,(anonymous_25)
FN:522,(anonymous_26)
FN:547,(anonymous_27)
FN:570,exportReportToPDF
FN:576,format
FNF:26
FNH:0
FNDA:0,(anonymous_4)
FNDA:0,(anonymous_5)
FNDA:0,(anonymous_6)
FNDA:0,(anonymous_7)
FNDA:0,(anonymous_8)
FNDA:0,(anonymous_9)
FNDA:0,(anonymous_10)
FNDA:0,(anonymous_11)
FNDA:0,(anonymous_12)
FNDA:0,(anonymous_13)
FNDA:0,(anonymous_14)
FNDA:0,(anonymous_15)
FNDA:0,(anonymous_16)
FNDA:0,(anonymous_17)
FNDA:0,(anonymous_18)
FNDA:0,(anonymous_19)
FNDA:0,(anonymous_20)
FNDA:0,(anonymous_21)
FNDA:0,(anonymous_22)
FNDA:0,(anonymous_23)
FNDA:0,(anonymous_24)
FNDA:0,(anonymous_25)
FNDA:0,(anonymous_26)
FNDA:0,(anonymous_27)
FNDA:0,exportReportToPDF
FNDA:0,format
DA:1,0
DA:62,0
DA:71,0
DA:72,0
DA:73,0
DA:74,0
DA:75,0
DA:76,0
DA:84,0
DA:87,0
DA:90,0
DA:93,0
DA:94,0
DA:98,0
DA:99,0
DA:103,0
DA:106,0
DA:109,0
DA:110,0
DA:115,0
DA:116,0
DA:119,0
DA:120,0
DA:121,0
DA:122,0
DA:125,0
DA:126,0
DA:127,0
DA:128,0
DA:131,0
DA:132,0
DA:133,0
DA:136,0
DA:137,0
DA:138,0
DA:139,0
DA:141,0
DA:142,0
DA:143,0
DA:144,0
DA:145,0
DA:149,0
DA:150,0
DA:151,0
DA:152,0
DA:154,0
DA:155,0
DA:156,0
DA:157,0
DA:160,0
DA:161,0
DA:162,0
DA:164,0
DA:168,0
DA:169,0
DA:171,0
DA:172,0
DA:173,0
DA:174,0
DA:175,0
DA:177,0
DA:182,0
DA:183,0
DA:186,0
DA:188,0
DA:189,0
DA:190,0
DA:191,0
DA:192,0
DA:195,0
DA:196,0
DA:197,0
DA:199,0
DA:200,0
DA:205,0
DA:206,0
DA:208,0
DA:209,0
DA:210,0
DA:211,0
DA:212,0
DA:215,0
DA:223,0
DA:224,0
DA:225,0
DA:228,0
DA:229,0
DA:232,0
DA:233,0
DA:236,0
DA:237,0
DA:240,0
DA:241,0
DA:242,0
DA:243,0
DA:246,0
DA:247,0
DA:248,0
DA:249,0
DA:252,0
DA:255,0
DA:258,0
DA:259,0
DA:260,0
DA:261,0
DA:262,0
DA:263,0
DA:265,0
DA:266,0
DA:267,0
DA:268,0
DA:269,0
DA:273,0
DA:275,0
DA:276,0
DA:277,0
DA:278,0
DA:279,0
DA:281,0
DA:289,0
DA:290,0
DA:292,0
DA:294,0
DA:295,0
DA:296,0
DA:298,0
DA:299,0
DA:302,0
DA:303,0
DA:304,0
DA:307,0
DA:308,0
DA:311,0
DA:312,0
DA:315,0
DA:316,0
DA:319,0
DA:320,0
DA:321,0
DA:322,0
DA:325,0
DA:326,0
DA:331,0
DA:332,0
DA:334,0
DA:335,0
DA:336,0
DA:337,0
DA:338,0
DA:340,0
DA:341,0
DA:342,0
DA:343,0
DA:347,0
DA:348,0
DA:349,0
DA:350,0
DA:351,0
DA:354,0
DA:355,0
DA:356,0
DA:357,0
DA:358,0
DA:361,0
DA:362,0
DA:364,0
DA:365,0
DA:367,0
DA:368,0
DA:369,0
DA:370,0
DA:372,0
DA:377,0
DA:378,0
DA:380,0
DA:381,0
DA:382,0
DA:383,0
DA:384,0
DA:386,0
DA:387,0
DA:388,0
DA:389,0
DA:393,0
DA:394,0
DA:395,0
DA:396,0
DA:397,0
DA:400,0
DA:401,0
DA:402,0
DA:404,0
DA:413,0
DA:414,0
DA:415,0
DA:416,0
DA:419,0
DA:422,0
DA:423,0
DA:424,0
DA:426,0
DA:427,0
DA:428,0
DA:429,0
DA:430,0
DA:432,0
DA:433,0
DA:436,0
DA:439,0
DA:441,0
DA:446,0
DA:447,0
DA:448,0
DA:449,0
DA:450,0
DA:452,0
DA:453,0
DA:455,0
DA:456,0
DA:457,0
DA:459,0
DA:460,0
DA:461,0
DA:462,0
DA:464,0
DA:465,0
DA:466,0
DA:467,0
DA:470,0
DA:474,0
DA:475,0
DA:477,0
DA:478,0
DA:479,0
DA:480,0
DA:481,0
DA:484,0
DA:486,0
DA:487,0
DA:488,0
DA:490,0
DA:491,0
DA:492,0
DA:493,0
DA:494,0
DA:495,0
DA:497,0
DA:498,0
DA:500,0
DA:505,0
DA:507,0
DA:510,0
DA:511,0
DA:512,0
DA:516,0
DA:517,0
DA:518,0
DA:522,0
DA:523,0
DA:524,0
DA:525,0
DA:527,0
DA:528,0
DA:531,0
DA:532,0
DA:537,0
DA:538,0
DA:539,0
DA:540,0
DA:541,0
DA:542,0
DA:544,0
DA:548,0
DA:550,0
DA:551,0
DA:554,0
DA:555,0
DA:558,0
DA:559,0
DA:560,0
DA:561,0
DA:562,0
DA:570,0
DA:571,0
DA:572,0
DA:578,0
DA:579,0
DA:580,0
DA:581,0
DA:582,0
DA:584,0
LF:291
LH:0
BRDA:93,0,0,0
BRDA:98,1,0,0
BRDA:141,2,0,0
BRDA:182,3,0,0
BRDA:296,4,0,0
BRDA:296,4,1,0
BRDA:341,5,0,0
BRDA:387,6,0,0
BRDA:406,7,0,0
BRDA:406,7,1,0
BRDA:408,8,0,0
BRDA:408,8,1,0
BRDA:409,9,0,0
BRDA:409,9,1,0
BRDA:410,10,0,0
BRDA:410,10,1,0
BRDA:428,11,0,0
BRDA:493,12,0,0
BRDA:510,13,0,0
BRDA:516,14,0,0
BRDA:517,15,0,0
BRDA:517,15,1,0
BRDA:517,16,0,0
BRDA:517,16,1,0
BRDA:518,17,0,0
BRDA:518,17,1,0
BRDA:518,18,0,0
BRDA:518,18,1,0
BRDA:523,19,0,0
BRDA:527,20,0,0
BRDA:531,21,0,0
BRF:31
BRH:0
end_of_record
TN:
SF:lib\utils\zone-detection.ts
FN:14,detectZoneFromSession
FN:33,calculateZoneVolumes
FN:55,(anonymous_8)
FN:75,metersToKm
FNF:4
FNH:0
FNDA:0,detectZoneFromSession
FNDA:0,calculateZoneVolumes
FNDA:0,(anonymous_8)
FNDA:0,metersToKm
DA:14,0
DA:19,0
DA:22,0
DA:23,0
DA:24,0
DA:25,0
DA:26,0
DA:29,0
DA:33,0
DA:47,0
DA:55,0
DA:57,0
DA:58,0
DA:59,0
DA:60,0
DA:61,0
DA:62,0
DA:65,0
DA:66,0
DA:67,0
DA:71,0
DA:75,0
DA:76,0
DA:80,0
DA:89,0
LF:25
LH:0
BRDA:19,0,0,0
BRDA:19,0,1,0
BRDA:22,1,0,0
BRDA:23,2,0,0
BRDA:23,3,0,0
BRDA:23,3,1,0
BRDA:24,4,0,0
BRDA:24,5,0,0
BRDA:24,5,1,0
BRDA:25,6,0,0
BRDA:25,7,0,0
BRDA:25,7,1,0
BRDA:26,8,0,0
BRDA:57,9,0,0
BRDA:57,9,1,0
BRDA:58,10,0,0
BRDA:58,10,1,0
BRDA:59,11,0,0
BRDA:59,11,1,0
BRDA:60,12,0,0
BRDA:60,12,1,0
BRDA:61,13,0,0
BRDA:61,13,1,0
BRDA:62,14,0,0
BRDA:62,14,1,0
BRDA:66,15,0,0
BRDA:66,15,1,0
BRF:27
BRH:0
end_of_record
TN:
SF:lib\validations\schemas.ts
FN:117,(anonymous_30)
FN:184,(anonymous_31)
FN:263,(anonymous_32)
FN:303,(anonymous_33)
FN:419,validateData
FN:425,(anonymous_35)
FN:432,validateDataSafe
FN:447,(anonymous_37)
FNF:8
FNH:0
FNDA:0,(anonymous_30)
FNDA:0,(anonymous_31)
FNDA:0,(anonymous_32)
FNDA:0,(anonymous_33)
FNDA:0,validateData
FNDA:0,(anonymous_35)
FNDA:0,validateDataSafe
FNDA:0,(anonymous_37)
DA:1,0
DA:7,0
DA:18,0
DA:31,0
DA:40,0
DA:47,0
DA:53,0
DA:91,0
DA:98,0
DA:104,0
DA:117,0
DA:122,0
DA:129,0
DA:135,0
DA:163,0
DA:170,0
DA:176,0
DA:184,0
DA:189,0
DA:201,0
DA:221,0
DA:232,0
DA:240,0
DA:251,0
DA:263,0
DA:268,0
DA:279,0
DA:304,0
DA:305,0
DA:307,0
DA:315,0
DA:324,0
DA:334,0
DA:378,0
DA:394,0
DA:419,0
DA:420,0
DA:421,0
DA:423,0
DA:424,0
DA:425,0
DA:428,0
DA:432,0
DA:440,0
DA:441,0
DA:442,0
DA:443,0
DA:445,0
DA:447,0
DA:451,0
LF:50
LH:0
BRDA:304,0,0,0
BRDA:304,1,0,0
BRDA:304,1,1,0
BRDA:423,2,0,0
BRDA:442,3,0,0
BRDA:442,3,1,0
BRDA:454,4,0,0
BRDA:454,4,1,0
BRF:8
BRH:0
end_of_record
